<?xml version="1.0" encoding="UTF-8"?>
<!-- Generated by org.testng.reporters.JUnitReportReporter -->
<testsuite hostname="DESKTOP-TVD4B1F" failures="0" tests="1" name="com.crm.qa.testcase.CustomerLoginTestcase" time="6.415" errors="0" timestamp="06 Mar 2024 09:53:10 GMT" skipped="0">
  <testcase classname="com.crm.qa.testcase.CustomerLoginTestcase" name="validateCustomerLogin" time="6.415"/>
</testsuite> <!-- com.crm.qa.testcase.CustomerLoginTestcase -->
