<?xml version="1.0" encoding="UTF-8"?>
<!-- Generated by org.testng.reporters.JUnitReportReporter -->
<testsuite hostname="DESKTOP-TVD4B1F" failures="0" tests="2" name="com.crm.qa.testcase.SwagAddToCart" time="1.145" errors="1" timestamp="02 Mar 2024 06:41:27 GMT" skipped="0">
  <testcase classname="com.crm.qa.testcase.SwagAddToCart" name="loginTest" time="0.290"/>
  <testcase classname="com.crm.qa.testcase.SwagAddToCart" name="addToCartTest" time="0.855">
    <error type="java.lang.StackOverflowError">
      <![CDATA[java.lang.StackOverflowError
	at java.base/java.lang.String.hashCode(String.java:2369)
	at java.base/java.util.concurrent.ConcurrentHashMap.putVal(ConcurrentHashMap.java:1012)
	at java.base/java.util.concurrent.ConcurrentHashMap.put(ConcurrentHashMap.java:1006)
	at java.base/java.util.Properties.put(Properties.java:1346)
	at java.base/java.util.Properties.load0(Properties.java:458)
	at java.base/java.util.Properties.load(Properties.java:409)
	at com.crm.qa.base.TestBase.<init>(TestBase.java:32)
	at com.crm.qa.testcase.SwagAddToCart.<init>(SwagAddToCart.java:14)
	at com.crm.qa.testcase.SwagAddToCart.addToCartTest(SwagAddToCart.java:42)
	at com.crm.qa.testcase.SwagAddToCart.addToCartTest(SwagAddToCart.java:43)
	at com.crm.qa.testcase.SwagAddToCart.addToCartTest(SwagAddToCart.java:43)
	at com.crm.qa.testcase.SwagAddToCart.addToCartTest(SwagAddToCart.java:43)
	at com.crm.qa.testcase.SwagAddToCart.addToCartTest(SwagAddToCart.java:43)
	at com.crm.qa.testcase.SwagAddToCart.addToCartTest(SwagAddToCart.java:43)
	at com.crm.qa.testcase.SwagAddToCart.addToCartTest(SwagAddToCart.java:43)
	at com.crm.qa.testcase.SwagAddToCart.addToCartTest(SwagAddToCart.java:43)
	at com.crm.qa.testcase.SwagAddToCart.addToCartTest(SwagAddToCart.java:43)
	at com.crm.qa.testcase.SwagAddToCart.addToCartTest(SwagAddToCart.java:43)
	at com.crm.qa.testcase.SwagAddToCart.addToCartTest(SwagAddToCart.java:43)
	at com.crm.qa.testcase.SwagAddToCart.addToCartTest(SwagAddToCart.java:43)
	at com.crm.qa.testcase.SwagAddToCart.addToCartTest(SwagAddToCart.java:43)
	at com.crm.qa.testcase.SwagAddToCart.addToCartTest(SwagAddToCart.java:43)
	at com.crm.qa.testcase.SwagAddToCart.addToCartTest(SwagAddToCart.java:43)
	at com.crm.qa.testcase.SwagAddToCart.addToCartTest(SwagAddToCart.java:43)
	at com.crm.qa.testcase.SwagAddToCart.addToCartTest(SwagAddToCart.java:43)
	at com.crm.qa.testcase.SwagAddToCart.addToCartTest(SwagAddToCart.java:43)
	at com.crm.qa.testcase.SwagAddToCart.addToCartTest(SwagAddToCart.java:43)
	at com.crm.qa.testcase.SwagAddToCart.addToCartTest(SwagAddToCart.java:43)
	at com.crm.qa.testcase.SwagAddToCart.addToCartTest(SwagAddToCart.java:43)
	at com.crm.qa.testcase.SwagAddToCart.addToCartTest(SwagAddToCart.java:43)
	at com.crm.qa.testcase.SwagAddToCart.addToCartTest(SwagAddToCart.java:43)
	at com.crm.qa.testcase.SwagAddToCart.addToCartTest(SwagAddToCart.java:43)
	at com.crm.qa.testcase.SwagAddToCart.addToCartTest(SwagAddToCart.java:43)
	at com.crm.qa.testcase.SwagAddToCart.addToCartTest(SwagAddToCart.java:43)
	at com.crm.qa.testcase.SwagAddToCart.addToCartTest(SwagAddToCart.java:43)
	at com.crm.qa.testcase.SwagAddToCart.addToCartTest(SwagAddToCart.java:43)
	at com.crm.qa.testcase.SwagAddToCart.addToCartTest(SwagAddToCart.java:43)
	at com.crm.qa.testcase.SwagAddToCart.addToCartTest(SwagAddToCart.java:43)
	at com.crm.qa.testcase.SwagAddToCart.addToCartTest(SwagAddToCart.java:43)
	at com.crm.qa.testcase.SwagAddToCart.addToCartTest(SwagAddToCart.java:43)
	at com.crm.qa.testcase.SwagAddToCart.addToCartTest(SwagAddToCart.java:43)
	at com.crm.qa.testcase.SwagAddToCart.addToCartTest(SwagAddToCart.java:43)
	at com.crm.qa.testcase.SwagAddToCart.addToCartTest(SwagAddToCart.java:43)
	at com.crm.qa.testcase.SwagAddToCart.addToCartTest(SwagAddToCart.java:43)
	at com.crm.qa.testcase.SwagAddToCart.addToCartTest(SwagAddToCart.java:43)
	at com.crm.qa.testcase.SwagAddToCart.addToCartTest(SwagAddToCart.java:43)
	at com.crm.qa.testcase.SwagAddToCart.addToCartTest(SwagAddToCart.java:43)
	at com.crm.qa.testcase.SwagAddToCart.addToCartTest(SwagAddToCart.java:43)
	at com.crm.qa.testcase.SwagAddToCart.addToCartTest(SwagAddToCart.java:43)
	at com.crm.qa.testcase.SwagAddToCart.addToCartTest(SwagAddToCart.java:43)
	at com.crm.qa.testcase.SwagAddToCart.addToCartTest(SwagAddToCart.java:43)
	at com.crm.qa.testcase.SwagAddToCart.addToCartTest(SwagAddToCart.java:43)
	at com.crm.qa.testcase.SwagAddToCart.addToCartTest(SwagAddToCart.java:43)
	at com.crm.qa.testcase.SwagAddToCart.addToCartTest(SwagAddToCart.java:43)
	at com.crm.qa.testcase.SwagAddToCart.addToCartTest(SwagAddToCart.java:43)
	at com.crm.qa.testcase.SwagAddToCart.addToCartTest(SwagAddToCart.java:43)
	at com.crm.qa.testcase.SwagAddToCart.addToCartTest(SwagAddToCart.java:43)
	at com.crm.qa.testcase.SwagAddToCart.addToCartTest(SwagAddToCart.java:43)
	at com.crm.qa.testcase.SwagAddToCart.addToCartTest(SwagAddToCart.java:43)
	at com.crm.qa.testcase.SwagAddToCart.addToCartTest(SwagAddToCart.java:43)
	at com.crm.qa.testcase.SwagAddToCart.addToCartTest(SwagAddToCart.java:43)
	at com.crm.qa.testcase.SwagAddToCart.addToCartTest(SwagAddToCart.java:43)
	at com.crm.qa.testcase.SwagAddToCart.addToCartTest(SwagAddToCart.java:43)
	at com.crm.qa.testcase.SwagAddToCart.addToCartTest(SwagAddToCart.java:43)
	at com.crm.qa.testcase.SwagAddToCart.addToCartTest(SwagAddToCart.java:43)
	at com.crm.qa.testcase.SwagAddToCart.addToCartTest(SwagAddToCart.java:43)
	at com.crm.qa.testcase.SwagAddToCart.addToCartTest(SwagAddToCart.java:43)
	at com.crm.qa.testcase.SwagAddToCart.addToCartTest(SwagAddToCart.java:43)
	at com.crm.qa.testcase.SwagAddToCart.addToCartTest(SwagAddToCart.java:43)
	at com.crm.qa.testcase.SwagAddToCart.addToCartTest(SwagAddToCart.java:43)
	at com.crm.qa.testcase.SwagAddToCart.addToCartTest(SwagAddToCart.java:43)
	at com.crm.qa.testcase.SwagAddToCart.addToCartTest(SwagAddToCart.java:43)
	at com.crm.qa.testcase.SwagAddToCart.addToCartTest(SwagAddToCart.java:43)
	at com.crm.qa.testcase.SwagAddToCart.addToCartTest(SwagAddToCart.java:43)
	at com.crm.qa.testcase.SwagAddToCart.addToCartTest(SwagAddToCart.java:43)
	at com.crm.qa.testcase.SwagAddToCart.addToCartTest(SwagAddToCart.java:43)
	at com.crm.qa.testcase.SwagAddToCart.addToCartTest(SwagAddToCart.java:43)
	at com.crm.qa.testcase.SwagAddToCart.addToCartTest(SwagAddToCart.java:43)
	at com.crm.qa.testcase.SwagAddToCart.addToCartTest(SwagAddToCart.java:43)
	at com.crm.qa.testcase.SwagAddToCart.addToCartTest(SwagAddToCart.java:43)
	at com.crm.qa.testcase.SwagAddToCart.addToCartTest(SwagAddToCart.java:43)
	at com.crm.qa.testcase.SwagAddToCart.addToCartTest(SwagAddToCart.java:43)
	at com.crm.qa.testcase.SwagAddToCart.addToCartTest(SwagAddToCart.java:43)
	at com.crm.qa.testcase.SwagAddToCart.addToCartTest(SwagAddToCart.java:43)
	at com.crm.qa.testcase.SwagAddToCart.addToCartTest(SwagAddToCart.java:43)
	at com.crm.qa.testcase.SwagAddToCart.addToCartTest(SwagAddToCart.java:43)
	at com.crm.qa.testcase.SwagAddToCart.addToCartTest(SwagAddToCart.java:43)
	at com.crm.qa.testcase.SwagAddToCart.addToCartTest(SwagAddToCart.java:43)
	at com.crm.qa.testcase.SwagAddToCart.addToCartTest(SwagAddToCart.java:43)
	at com.crm.qa.testcase.SwagAddToCart.addToCartTest(SwagAddToCart.java:43)
	at com.crm.qa.testcase.SwagAddToCart.addToCartTest(SwagAddToCart.java:43)
	at com.crm.qa.testcase.SwagAddToCart.addToCartTest(SwagAddToCart.java:43)
	at com.crm.qa.testcase.SwagAddToCart.addToCartTest(SwagAddToCart.java:43)
	at com.crm.qa.testcase.SwagAddToCart.addToCartTest(SwagAddToCart.java:43)
	at com.crm.qa.testcase.SwagAddToCart.addToCartTest(SwagAddToCart.java:43)
	at com.crm.qa.testcase.SwagAddToCart.addToCartTest(SwagAddToCart.java:43)
	at com.crm.qa.testcase.SwagAddToCart.addToCartTest(SwagAddToCart.java:43)
	at com.crm.qa.testcase.SwagAddToCart.addToCartTest(SwagAddToCart.java:43)
	at com.crm.qa.testcase.SwagAddToCart.addToCartTest(SwagAddToCart.java:43)
	at com.crm.qa.testcase.SwagAddToCart.addToCartTest(SwagAddToCart.java:43)
	at com.crm.qa.testcase.SwagAddToCart.addToCartTest(SwagAddToCart.java:43)
	at com.crm.qa.testcase.SwagAddToCart.addToCartTest(SwagAddToCart.java:43)
	at com.crm.qa.testcase.SwagAddToCart.addToCartTest(SwagAddToCart.java:43)
	at com.crm.qa.testcase.SwagAddToCart.addToCartTest(SwagAddToCart.java:43)
	at com.crm.qa.testcase.SwagAddToCart.addToCartTest(SwagAddToCart.java:43)
	at com.crm.qa.testcase.SwagAddToCart.addToCartTest(SwagAddToCart.java:43)
	at com.crm.qa.testcase.SwagAddToCart.addToCartTest(SwagAddToCart.java:43)
	at com.crm.qa.testcase.SwagAddToCart.addToCartTest(SwagAddToCart.java:43)
	at com.crm.qa.testcase.SwagAddToCart.addToCartTest(SwagAddToCart.java:43)
	at com.crm.qa.testcase.SwagAddToCart.addToCartTest(SwagAddToCart.java:43)
	at com.crm.qa.testcase.SwagAddToCart.addToCartTest(SwagAddToCart.java:43)
	at com.crm.qa.testcase.SwagAddToCart.addToCartTest(SwagAddToCart.java:43)
	at com.crm.qa.testcase.SwagAddToCart.addToCartTest(SwagAddToCart.java:43)
	at com.crm.qa.testcase.SwagAddToCart.addToCartTest(SwagAddToCart.java:43)
	at com.crm.qa.testcase.SwagAddToCart.addToCartTest(SwagAddToCart.java:43)
	at com.crm.qa.testcase.SwagAddToCart.addToCartTest(SwagAddToCart.java:43)
	at com.crm.qa.testcase.SwagAddToCart.addToCartTest(SwagAddToCart.java:43)
	at com.crm.qa.testcase.SwagAddToCart.addToCartTest(SwagAddToCart.java:43)
	at com.crm.qa.testcase.SwagAddToCart.addToCartTest(SwagAddToCart.java:43)
	at com.crm.qa.testcase.SwagAddToCart.addToCartTest(SwagAddToCart.java:43)
	at com.crm.qa.testcase.SwagAddToCart.addToCartTest(SwagAddToCart.java:43)
	at com.crm.qa.testcase.SwagAddToCart.addToCartTest(SwagAddToCart.java:43)
	at com.crm.qa.testcase.SwagAddToCart.addToCartTest(SwagAddToCart.java:43)
	at com.crm.qa.testcase.SwagAddToCart.addToCartTest(SwagAddToCart.java:43)
	at com.crm.qa.testcase.SwagAddToCart.addToCartTest(SwagAddToCart.java:43)
	at com.crm.qa.testcase.SwagAddToCart.addToCartTest(SwagAddToCart.java:43)
	at com.crm.qa.testcase.SwagAddToCart.addToCartTest(SwagAddToCart.java:43)
	at com.crm.qa.testcase.SwagAddToCart.addToCartTest(SwagAddToCart.java:43)
	at com.crm.qa.testcase.SwagAddToCart.addToCartTest(SwagAddToCart.java:43)
	at com.crm.qa.testcase.SwagAddToCart.addToCartTest(SwagAddToCart.java:43)
	at com.crm.qa.testcase.SwagAddToCart.addToCartTest(SwagAddToCart.java:43)
	at com.crm.qa.testcase.SwagAddToCart.addToCartTest(SwagAddToCart.java:43)
	at com.crm.qa.testcase.SwagAddToCart.addToCartTest(SwagAddToCart.java:43)
	at com.crm.qa.testcase.SwagAddToCart.addToCartTest(SwagAddToCart.java:43)
	at com.crm.qa.testcase.SwagAddToCart.addToCartTest(SwagAddToCart.java:43)
	at com.crm.qa.testcase.SwagAddToCart.addToCartTest(SwagAddToCart.java:43)
	at com.crm.qa.testcase.SwagAddToCart.addToCartTest(SwagAddToCart.java:43)
	at com.crm.qa.testcase.SwagAddToCart.addToCartTest(SwagAddToCart.java:43)
	at com.crm.qa.testcase.SwagAddToCart.addToCartTest(SwagAddToCart.java:43)
	at com.crm.qa.testcase.SwagAddToCart.addToCartTest(SwagAddToCart.java:43)
	at com.crm.qa.testcase.SwagAddToCart.addToCartTest(SwagAddToCart.java:43)
	at com.crm.qa.testcase.SwagAddToCart.addToCartTest(SwagAddToCart.java:43)
	at com.crm.qa.testcase.SwagAddToCart.addToCartTest(SwagAddToCart.java:43)
	at com.crm.qa.testcase.SwagAddToCart.addToCartTest(SwagAddToCart.java:43)
	at com.crm.qa.testcase.SwagAddToCart.addToCartTest(SwagAddToCart.java:43)
	at com.crm.qa.testcase.SwagAddToCart.addToCartTest(SwagAddToCart.java:43)
	at com.crm.qa.testcase.SwagAddToCart.addToCartTest(SwagAddToCart.java:43)
	at com.crm.qa.testcase.SwagAddToCart.addToCartTest(SwagAddToCart.java:43)
	at com.crm.qa.testcase.SwagAddToCart.addToCartTest(SwagAddToCart.java:43)
	at com.crm.qa.testcase.SwagAddToCart.addToCartTest(SwagAddToCart.java:43)
	at com.crm.qa.testcase.SwagAddToCart.addToCartTest(SwagAddToCart.java:43)
	at com.crm.qa.testcase.SwagAddToCart.addToCartTest(SwagAddToCart.java:43)
	at com.crm.qa.testcase.SwagAddToCart.addToCartTest(SwagAddToCart.java:43)
	at com.crm.qa.testcase.SwagAddToCart.addToCartTest(SwagAddToCart.java:43)
	at com.crm.qa.testcase.SwagAddToCart.addToCartTest(SwagAddToCart.java:43)
	at com.crm.qa.testcase.SwagAddToCart.addToCartTest(SwagAddToCart.java:43)
	at com.crm.qa.testcase.SwagAddToCart.addToCartTest(SwagAddToCart.java:43)
	at com.crm.qa.testcase.SwagAddToCart.addToCartTest(SwagAddToCart.java:43)
	at com.crm.qa.testcase.SwagAddToCart.addToCartTest(SwagAddToCart.java:43)
	at com.crm.qa.testcase.SwagAddToCart.addToCartTest(SwagAddToCart.java:43)
	at com.crm.qa.testcase.SwagAddToCart.addToCartTest(SwagAddToCart.java:43)
	at com.crm.qa.testcase.SwagAddToCart.addToCartTest(SwagAddToCart.java:43)
	at com.crm.qa.testcase.SwagAddToCart.addToCartTest(SwagAddToCart.java:43)
	at com.crm.qa.testcase.SwagAddToCart.addToCartTest(SwagAddToCart.java:43)
	at com.crm.qa.testcase.SwagAddToCart.addToCartTest(SwagAddToCart.java:43)
	at com.crm.qa.testcase.SwagAddToCart.addToCartTest(SwagAddToCart.java:43)
	at com.crm.qa.testcase.SwagAddToCart.addToCartTest(SwagAddToCart.java:43)
	at com.crm.qa.testcase.SwagAddToCart.addToCartTest(SwagAddToCart.java:43)
	at com.crm.qa.testcase.SwagAddToCart.addToCartTest(SwagAddToCart.java:43)
	at com.crm.qa.testcase.SwagAddToCart.addToCartTest(SwagAddToCart.java:43)
	at com.crm.qa.testcase.SwagAddToCart.addToCartTest(SwagAddToCart.java:43)
	at com.crm.qa.testcase.SwagAddToCart.addToCartTest(SwagAddToCart.java:43)
	at com.crm.qa.testcase.SwagAddToCart.addToCartTest(SwagAddToCart.java:43)
	at com.crm.qa.testcase.SwagAddToCart.addToCartTest(SwagAddToCart.java:43)
	at com.crm.qa.testcase.SwagAddToCart.addToCartTest(SwagAddToCart.java:43)
	at com.crm.qa.testcase.SwagAddToCart.addToCartTest(SwagAddToCart.java:43)
	at com.crm.qa.testcase.SwagAddToCart.addToCartTest(SwagAddToCart.java:43)
	at com.crm.qa.testcase.SwagAddToCart.addToCartTest(SwagAddToCart.java:43)
	at com.crm.qa.testcase.SwagAddToCart.addToCartTest(SwagAddToCart.java:43)
	at com.crm.qa.testcase.SwagAddToCart.addToCartTest(SwagAddToCart.java:43)
	at com.crm.qa.testcase.SwagAddToCart.addToCartTest(SwagAddToCart.java:43)
	at com.crm.qa.testcase.SwagAddToCart.addToCartTest(SwagAddToCart.java:43)
	at com.crm.qa.testcase.SwagAddToCart.addToCartTest(SwagAddToCart.java:43)
	at com.crm.qa.testcase.SwagAddToCart.addToCartTest(SwagAddToCart.java:43)
	at com.crm.qa.testcase.SwagAddToCart.addToCartTest(SwagAddToCart.java:43)
	at com.crm.qa.testcase.SwagAddToCart.addToCartTest(SwagAddToCart.java:43)
	at com.crm.qa.testcase.SwagAddToCart.addToCartTest(SwagAddToCart.java:43)
	at com.crm.qa.testcase.SwagAddToCart.addToCartTest(SwagAddToCart.java:43)
	at com.crm.qa.testcase.SwagAddToCart.addToCartTest(SwagAddToCart.java:43)
	at com.crm.qa.testcase.SwagAddToCart.addToCartTest(SwagAddToCart.java:43)
	at com.crm.qa.testcase.SwagAddToCart.addToCartTest(SwagAddToCart.java:43)
	at com.crm.qa.testcase.SwagAddToCart.addToCartTest(SwagAddToCart.java:43)
	at com.crm.qa.testcase.SwagAddToCart.addToCartTest(SwagAddToCart.java:43)
	at com.crm.qa.testcase.SwagAddToCart.addToCartTest(SwagAddToCart.java:43)
	at com.crm.qa.testcase.SwagAddToCart.addToCartTest(SwagAddToCart.java:43)
	at com.crm.qa.testcase.SwagAddToCart.addToCartTest(SwagAddToCart.java:43)
	at com.crm.qa.testcase.SwagAddToCart.addToCartTest(SwagAddToCart.java:43)
	at com.crm.qa.testcase.SwagAddToCart.addToCartTest(SwagAddToCart.java:43)
	at com.crm.qa.testcase.SwagAddToCart.addToCartTest(SwagAddToCart.java:43)
	at com.crm.qa.testcase.SwagAddToCart.addToCartTest(SwagAddToCart.java:43)
	at com.crm.qa.testcase.SwagAddToCart.addToCartTest(SwagAddToCart.java:43)
	at com.crm.qa.testcase.SwagAddToCart.addToCartTest(SwagAddToCart.java:43)
	at com.crm.qa.testcase.SwagAddToCart.addToCartTest(SwagAddToCart.java:43)
	at com.crm.qa.testcase.SwagAddToCart.addToCartTest(SwagAddToCart.java:43)
	at com.crm.qa.testcase.SwagAddToCart.addToCartTest(SwagAddToCart.java:43)
	at com.crm.qa.testcase.SwagAddToCart.addToCartTest(SwagAddToCart.java:43)
	at com.crm.qa.testcase.SwagAddToCart.addToCartTest(SwagAddToCart.java:43)
	at com.crm.qa.testcase.SwagAddToCart.addToCartTest(SwagAddToCart.java:43)
	at com.crm.qa.testcase.SwagAddToCart.addToCartTest(SwagAddToCart.java:43)
	at com.crm.qa.testcase.SwagAddToCart.addToCartTest(SwagAddToCart.java:43)
	at com.crm.qa.testcase.SwagAddToCart.addToCartTest(SwagAddToCart.java:43)
	at com.crm.qa.testcase.SwagAddToCart.addToCartTest(SwagAddToCart.java:43)
	at com.crm.qa.testcase.SwagAddToCart.addToCartTest(SwagAddToCart.java:43)
	at com.crm.qa.testcase.SwagAddToCart.addToCartTest(SwagAddToCart.java:43)
	at com.crm.qa.testcase.SwagAddToCart.addToCartTest(SwagAddToCart.java:43)
	at com.crm.qa.testcase.SwagAddToCart.addToCartTest(SwagAddToCart.java:43)
	at com.crm.qa.testcase.SwagAddToCart.addToCartTest(SwagAddToCart.java:43)
	at com.crm.qa.testcase.SwagAddToCart.addToCartTest(SwagAddToCart.java:43)
	at com.crm.qa.testcase.SwagAddToCart.addToCartTest(SwagAddToCart.java:43)
	at com.crm.qa.testcase.SwagAddToCart.addToCartTest(SwagAddToCart.java:43)
	at com.crm.qa.testcase.SwagAddToCart.addToCartTest(SwagAddToCart.java:43)
	at com.crm.qa.testcase.SwagAddToCart.addToCartTest(SwagAddToCart.java:43)
	at com.crm.qa.testcase.SwagAddToCart.addToCartTest(SwagAddToCart.java:43)
	at com.crm.qa.testcase.SwagAddToCart.addToCartTest(SwagAddToCart.java:43)
	at com.crm.qa.testcase.SwagAddToCart.addToCartTest(SwagAddToCart.java:43)
	at com.crm.qa.testcase.SwagAddToCart.addToCartTest(SwagAddToCart.java:43)
	at com.crm.qa.testcase.SwagAddToCart.addToCartTest(SwagAddToCart.java:43)
	at com.crm.qa.testcase.SwagAddToCart.addToCartTest(SwagAddToCart.java:43)
	at com.crm.qa.testcase.SwagAddToCart.addToCartTest(SwagAddToCart.java:43)
	at com.crm.qa.testcase.SwagAddToCart.addToCartTest(SwagAddToCart.java:43)
	at com.crm.qa.testcase.SwagAddToCart.addToCartTest(SwagAddToCart.java:43)
	at com.crm.qa.testcase.SwagAddToCart.addToCartTest(SwagAddToCart.java:43)
	at com.crm.qa.testcase.SwagAddToCart.addToCartTest(SwagAddToCart.java:43)
	at com.crm.qa.testcase.SwagAddToCart.addToCartTest(SwagAddToCart.java:43)
	at com.crm.qa.testcase.SwagAddToCart.addToCartTest(SwagAddToCart.java:43)
	at com.crm.qa.testcase.SwagAddToCart.addToCartTest(SwagAddToCart.java:43)
	at com.crm.qa.testcase.SwagAddToCart.addToCartTest(SwagAddToCart.java:43)
	at com.crm.qa.testcase.SwagAddToCart.addToCartTest(SwagAddToCart.java:43)
	at com.crm.qa.testcase.SwagAddToCart.addToCartTest(SwagAddToCart.java:43)
	at com.crm.qa.testcase.SwagAddToCart.addToCartTest(SwagAddToCart.java:43)
	at com.crm.qa.testcase.SwagAddToCart.addToCartTest(SwagAddToCart.java:43)
	at com.crm.qa.testcase.SwagAddToCart.addToCartTest(SwagAddToCart.java:43)
	at com.crm.qa.testcase.SwagAddToCart.addToCartTest(SwagAddToCart.java:43)
	at com.crm.qa.testcase.SwagAddToCart.addToCartTest(SwagAddToCart.java:43)
	at com.crm.qa.testcase.SwagAddToCart.addToCartTest(SwagAddToCart.java:43)
	at com.crm.qa.testcase.SwagAddToCart.addToCartTest(SwagAddToCart.java:43)
	at com.crm.qa.testcase.SwagAddToCart.addToCartTest(SwagAddToCart.java:43)
	at com.crm.qa.testcase.SwagAddToCart.addToCartTest(SwagAddToCart.java:43)
	at com.crm.qa.testcase.SwagAddToCart.addToCartTest(SwagAddToCart.java:43)
	at com.crm.qa.testcase.SwagAddToCart.addToCartTest(SwagAddToCart.java:43)
	at com.crm.qa.testcase.SwagAddToCart.addToCartTest(SwagAddToCart.java:43)
	at com.crm.qa.testcase.SwagAddToCart.addToCartTest(SwagAddToCart.java:43)
	at com.crm.qa.testcase.SwagAddToCart.addToCartTest(SwagAddToCart.java:43)
	at com.crm.qa.testcase.SwagAddToCart.addToCartTest(SwagAddToCart.java:43)
	at com.crm.qa.testcase.SwagAddToCart.addToCartTest(SwagAddToCart.java:43)
	at com.crm.qa.testcase.SwagAddToCart.addToCartTest(SwagAddToCart.java:43)
	at com.crm.qa.testcase.SwagAddToCart.addToCartTest(SwagAddToCart.java:43)
	at com.crm.qa.testcase.SwagAddToCart.addToCartTest(SwagAddToCart.java:43)
	at com.crm.qa.testcase.SwagAddToCart.addToCartTest(SwagAddToCart.java:43)
	at com.crm.qa.testcase.SwagAddToCart.addToCartTest(SwagAddToCart.java:43)
	at com.crm.qa.testcase.SwagAddToCart.addToCartTest(SwagAddToCart.java:43)
	at com.crm.qa.testcase.SwagAddToCart.addToCartTest(SwagAddToCart.java:43)
	at com.crm.qa.testcase.SwagAddToCart.addToCartTest(SwagAddToCart.java:43)
	at com.crm.qa.testcase.SwagAddToCart.addToCartTest(SwagAddToCart.java:43)
	at com.crm.qa.testcase.SwagAddToCart.addToCartTest(SwagAddToCart.java:43)
	at com.crm.qa.testcase.SwagAddToCart.addToCartTest(SwagAddToCart.java:43)
	at com.crm.qa.testcase.SwagAddToCart.addToCartTest(SwagAddToCart.java:43)
	at com.crm.qa.testcase.SwagAddToCart.addToCartTest(SwagAddToCart.java:43)
	at com.crm.qa.testcase.SwagAddToCart.addToCartTest(SwagAddToCart.java:43)
	at com.crm.qa.testcase.SwagAddToCart.addToCartTest(SwagAddToCart.java:43)
	at com.crm.qa.testcase.SwagAddToCart.addToCartTest(SwagAddToCart.java:43)
	at com.crm.qa.testcase.SwagAddToCart.addToCartTest(SwagAddToCart.java:43)
	at com.crm.qa.testcase.SwagAddToCart.addToCartTest(SwagAddToCart.java:43)
	at com.crm.qa.testcase.SwagAddToCart.addToCartTest(SwagAddToCart.java:43)
	at com.crm.qa.testcase.SwagAddToCart.addToCartTest(SwagAddToCart.java:43)
	at com.crm.qa.testcase.SwagAddToCart.addToCartTest(SwagAddToCart.java:43)
	at com.crm.qa.testcase.SwagAddToCart.addToCartTest(SwagAddToCart.java:43)
	at com.crm.qa.testcase.SwagAddToCart.addToCartTest(SwagAddToCart.java:43)
	at com.crm.qa.testcase.SwagAddToCart.addToCartTest(SwagAddToCart.java:43)
	at com.crm.qa.testcase.SwagAddToCart.addToCartTest(SwagAddToCart.java:43)
	at com.crm.qa.testcase.SwagAddToCart.addToCartTest(SwagAddToCart.java:43)
	at com.crm.qa.testcase.SwagAddToCart.addToCartTest(SwagAddToCart.java:43)
	at com.crm.qa.testcase.SwagAddToCart.addToCartTest(SwagAddToCart.java:43)
	at com.crm.qa.testcase.SwagAddToCart.addToCartTest(SwagAddToCart.java:43)
	at com.crm.qa.testcase.SwagAddToCart.addToCartTest(SwagAddToCart.java:43)
	at com.crm.qa.testcase.SwagAddToCart.addToCartTest(SwagAddToCart.java:43)
	at com.crm.qa.testcase.SwagAddToCart.addToCartTest(SwagAddToCart.java:43)
	at com.crm.qa.testcase.SwagAddToCart.addToCartTest(SwagAddToCart.java:43)
	at com.crm.qa.testcase.SwagAddToCart.addToCartTest(SwagAddToCart.java:43)
	at com.crm.qa.testcase.SwagAddToCart.addToCartTest(SwagAddToCart.java:43)
	at com.crm.qa.testcase.SwagAddToCart.addToCartTest(SwagAddToCart.java:43)
	at com.crm.qa.testcase.SwagAddToCart.addToCartTest(SwagAddToCart.java:43)
	at com.crm.qa.testcase.SwagAddToCart.addToCartTest(SwagAddToCart.java:43)
	at com.crm.qa.testcase.SwagAddToCart.addToCartTest(SwagAddToCart.java:43)
	at com.crm.qa.testcase.SwagAddToCart.addToCartTest(SwagAddToCart.java:43)
	at com.crm.qa.testcase.SwagAddToCart.addToCartTest(SwagAddToCart.java:43)
	at com.crm.qa.testcase.SwagAddToCart.addToCartTest(SwagAddToCart.java:43)
	at com.crm.qa.testcase.SwagAddToCart.addToCartTest(SwagAddToCart.java:43)
	at com.crm.qa.testcase.SwagAddToCart.addToCartTest(SwagAddToCart.java:43)
	at com.crm.qa.testcase.SwagAddToCart.addToCartTest(SwagAddToCart.java:43)
	at com.crm.qa.testcase.SwagAddToCart.addToCartTest(SwagAddToCart.java:43)
	at com.crm.qa.testcase.SwagAddToCart.addToCartTest(SwagAddToCart.java:43)
	at com.crm.qa.testcase.SwagAddToCart.addToCartTest(SwagAddToCart.java:43)
	at com.crm.qa.testcase.SwagAddToCart.addToCartTest(SwagAddToCart.java:43)
	at com.crm.qa.testcase.SwagAddToCart.addToCartTest(SwagAddToCart.java:43)
	at com.crm.qa.testcase.SwagAddToCart.addToCartTest(SwagAddToCart.java:43)
	at com.crm.qa.testcase.SwagAddToCart.addToCartTest(SwagAddToCart.java:43)
	at com.crm.qa.testcase.SwagAddToCart.addToCartTest(SwagAddToCart.java:43)
	at com.crm.qa.testcase.SwagAddToCart.addToCartTest(SwagAddToCart.java:43)
	at com.crm.qa.testcase.SwagAddToCart.addToCartTest(SwagAddToCart.java:43)
	at com.crm.qa.testcase.SwagAddToCart.addToCartTest(SwagAddToCart.java:43)
	at com.crm.qa.testcase.SwagAddToCart.addToCartTest(SwagAddToCart.java:43)
	at com.crm.qa.testcase.SwagAddToCart.addToCartTest(SwagAddToCart.java:43)
	at com.crm.qa.testcase.SwagAddToCart.addToCartTest(SwagAddToCart.java:43)
	at com.crm.qa.testcase.SwagAddToCart.addToCartTest(SwagAddToCart.java:43)
	at com.crm.qa.testcase.SwagAddToCart.addToCartTest(SwagAddToCart.java:43)
	at com.crm.qa.testcase.SwagAddToCart.addToCartTest(SwagAddToCart.java:43)
	at com.crm.qa.testcase.SwagAddToCart.addToCartTest(SwagAddToCart.java:43)
	at com.crm.qa.testcase.SwagAddToCart.addToCartTest(SwagAddToCart.java:43)
	at com.crm.qa.testcase.SwagAddToCart.addToCartTest(SwagAddToCart.java:43)
	at com.crm.qa.testcase.SwagAddToCart.addToCartTest(SwagAddToCart.java:43)
	at com.crm.qa.testcase.SwagAddToCart.addToCartTest(SwagAddToCart.java:43)
	at com.crm.qa.testcase.SwagAddToCart.addToCartTest(SwagAddToCart.java:43)
	at com.crm.qa.testcase.SwagAddToCart.addToCartTest(SwagAddToCart.java:43)
	at com.crm.qa.testcase.SwagAddToCart.addToCartTest(SwagAddToCart.java:43)
	at com.crm.qa.testcase.SwagAddToCart.addToCartTest(SwagAddToCart.java:43)
	at com.crm.qa.testcase.SwagAddToCart.addToCartTest(SwagAddToCart.java:43)
	at com.crm.qa.testcase.SwagAddToCart.addToCartTest(SwagAddToCart.java:43)
	at com.crm.qa.testcase.SwagAddToCart.addToCartTest(SwagAddToCart.java:43)
	at com.crm.qa.testcase.SwagAddToCart.addToCartTest(SwagAddToCart.java:43)
	at com.crm.qa.testcase.SwagAddToCart.addToCartTest(SwagAddToCart.java:43)
	at com.crm.qa.testcase.SwagAddToCart.addToCartTest(SwagAddToCart.java:43)
	at com.crm.qa.testcase.SwagAddToCart.addToCartTest(SwagAddToCart.java:43)
	at com.crm.qa.testcase.SwagAddToCart.addToCartTest(SwagAddToCart.java:43)
	at com.crm.qa.testcase.SwagAddToCart.addToCartTest(SwagAddToCart.java:43)
	at com.crm.qa.testcase.SwagAddToCart.addToCartTest(SwagAddToCart.java:43)
	at com.crm.qa.testcase.SwagAddToCart.addToCartTest(SwagAddToCart.java:43)
	at com.crm.qa.testcase.SwagAddToCart.addToCartTest(SwagAddToCart.java:43)
	at com.crm.qa.testcase.SwagAddToCart.addToCartTest(SwagAddToCart.java:43)
	at com.crm.qa.testcase.SwagAddToCart.addToCartTest(SwagAddToCart.java:43)
	at com.crm.qa.testcase.SwagAddToCart.addToCartTest(SwagAddToCart.java:43)
	at com.crm.qa.testcase.SwagAddToCart.addToCartTest(SwagAddToCart.java:43)
	at com.crm.qa.testcase.SwagAddToCart.addToCartTest(SwagAddToCart.java:43)
	at com.crm.qa.testcase.SwagAddToCart.addToCartTest(SwagAddToCart.java:43)
	at com.crm.qa.testcase.SwagAddToCart.addToCartTest(SwagAddToCart.java:43)
	at com.crm.qa.testcase.SwagAddToCart.addToCartTest(SwagAddToCart.java:43)
	at com.crm.qa.testcase.SwagAddToCart.addToCartTest(SwagAddToCart.java:43)
	at com.crm.qa.testcase.SwagAddToCart.addToCartTest(SwagAddToCart.java:43)
	at com.crm.qa.testcase.SwagAddToCart.addToCartTest(SwagAddToCart.java:43)
	at com.crm.qa.testcase.SwagAddToCart.addToCartTest(SwagAddToCart.java:43)
	at com.crm.qa.testcase.SwagAddToCart.addToCartTest(SwagAddToCart.java:43)
	at com.crm.qa.testcase.SwagAddToCart.addToCartTest(SwagAddToCart.java:43)
	at com.crm.qa.testcase.SwagAddToCart.addToCartTest(SwagAddToCart.java:43)
	at com.crm.qa.testcase.SwagAddToCart.addToCartTest(SwagAddToCart.java:43)
	at com.crm.qa.testcase.SwagAddToCart.addToCartTest(SwagAddToCart.java:43)
	at com.crm.qa.testcase.SwagAddToCart.addToCartTest(SwagAddToCart.java:43)
	at com.crm.qa.testcase.SwagAddToCart.addToCartTest(SwagAddToCart.java:43)
	at com.crm.qa.testcase.SwagAddToCart.addToCartTest(SwagAddToCart.java:43)
	at com.crm.qa.testcase.SwagAddToCart.addToCartTest(SwagAddToCart.java:43)
	at com.crm.qa.testcase.SwagAddToCart.addToCartTest(SwagAddToCart.java:43)
	at com.crm.qa.testcase.SwagAddToCart.addToCartTest(SwagAddToCart.java:43)
	at com.crm.qa.testcase.SwagAddToCart.addToCartTest(SwagAddToCart.java:43)
	at com.crm.qa.testcase.SwagAddToCart.addToCartTest(SwagAddToCart.java:43)
	at com.crm.qa.testcase.SwagAddToCart.addToCartTest(SwagAddToCart.java:43)
	at com.crm.qa.testcase.SwagAddToCart.addToCartTest(SwagAddToCart.java:43)
	at com.crm.qa.testcase.SwagAddToCart.addToCartTest(SwagAddToCart.java:43)
	at com.crm.qa.testcase.SwagAddToCart.addToCartTest(SwagAddToCart.java:43)
	at com.crm.qa.testcase.SwagAddToCart.addToCartTest(SwagAddToCart.java:43)
	at com.crm.qa.testcase.SwagAddToCart.addToCartTest(SwagAddToCart.java:43)
	at com.crm.qa.testcase.SwagAddToCart.addToCartTest(SwagAddToCart.java:43)
	at com.crm.qa.testcase.SwagAddToCart.addToCartTest(SwagAddToCart.java:43)
	at com.crm.qa.testcase.SwagAddToCart.addToCartTest(SwagAddToCart.java:43)
	at com.crm.qa.testcase.SwagAddToCart.addToCartTest(SwagAddToCart.java:43)
	at com.crm.qa.testcase.SwagAddToCart.addToCartTest(SwagAddToCart.java:43)
	at com.crm.qa.testcase.SwagAddToCart.addToCartTest(SwagAddToCart.java:43)
	at com.crm.qa.testcase.SwagAddToCart.addToCartTest(SwagAddToCart.java:43)
	at com.crm.qa.testcase.SwagAddToCart.addToCartTest(SwagAddToCart.java:43)
	at com.crm.qa.testcase.SwagAddToCart.addToCartTest(SwagAddToCart.java:43)
	at com.crm.qa.testcase.SwagAddToCart.addToCartTest(SwagAddToCart.java:43)
	at com.crm.qa.testcase.SwagAddToCart.addToCartTest(SwagAddToCart.java:43)
	at com.crm.qa.testcase.SwagAddToCart.addToCartTest(SwagAddToCart.java:43)
	at com.crm.qa.testcase.SwagAddToCart.addToCartTest(SwagAddToCart.java:43)
	at com.crm.qa.testcase.SwagAddToCart.addToCartTest(SwagAddToCart.java:43)
	at com.crm.qa.testcase.SwagAddToCart.addToCartTest(SwagAddToCart.java:43)
	at com.crm.qa.testcase.SwagAddToCart.addToCartTest(SwagAddToCart.java:43)
	at com.crm.qa.testcase.SwagAddToCart.addToCartTest(SwagAddToCart.java:43)
	at com.crm.qa.testcase.SwagAddToCart.addToCartTest(SwagAddToCart.java:43)
	at com.crm.qa.testcase.SwagAddToCart.addToCartTest(SwagAddToCart.java:43)
	at com.crm.qa.testcase.SwagAddToCart.addToCartTest(SwagAddToCart.java:43)
	at com.crm.qa.testcase.SwagAddToCart.addToCartTest(SwagAddToCart.java:43)
	at com.crm.qa.testcase.SwagAddToCart.addToCartTest(SwagAddToCart.java:43)
	at com.crm.qa.testcase.SwagAddToCart.addToCartTest(SwagAddToCart.java:43)
	at com.crm.qa.testcase.SwagAddToCart.addToCartTest(SwagAddToCart.java:43)
	at com.crm.qa.testcase.SwagAddToCart.addToCartTest(SwagAddToCart.java:43)
	at com.crm.qa.testcase.SwagAddToCart.addToCartTest(SwagAddToCart.java:43)
	at com.crm.qa.testcase.SwagAddToCart.addToCartTest(SwagAddToCart.java:43)
	at com.crm.qa.testcase.SwagAddToCart.addToCartTest(SwagAddToCart.java:43)
	at com.crm.qa.testcase.SwagAddToCart.addToCartTest(SwagAddToCart.java:43)
	at com.crm.qa.testcase.SwagAddToCart.addToCartTest(SwagAddToCart.java:43)
	at com.crm.qa.testcase.SwagAddToCart.addToCartTest(SwagAddToCart.java:43)
	at com.crm.qa.testcase.SwagAddToCart.addToCartTest(SwagAddToCart.java:43)
	at com.crm.qa.testcase.SwagAddToCart.addToCartTest(SwagAddToCart.java:43)
	at com.crm.qa.testcase.SwagAddToCart.addToCartTest(SwagAddToCart.java:43)
	at com.crm.qa.testcase.SwagAddToCart.addToCartTest(SwagAddToCart.java:43)
	at com.crm.qa.testcase.SwagAddToCart.addToCartTest(SwagAddToCart.java:43)
	at com.crm.qa.testcase.SwagAddToCart.addToCartTest(SwagAddToCart.java:43)
	at com.crm.qa.testcase.SwagAddToCart.addToCartTest(SwagAddToCart.java:43)
	at com.crm.qa.testcase.SwagAddToCart.addToCartTest(SwagAddToCart.java:43)
	at com.crm.qa.testcase.SwagAddToCart.addToCartTest(SwagAddToCart.java:43)
	at com.crm.qa.testcase.SwagAddToCart.addToCartTest(SwagAddToCart.java:43)
	at com.crm.qa.testcase.SwagAddToCart.addToCartTest(SwagAddToCart.java:43)
	at com.crm.qa.testcase.SwagAddToCart.addToCartTest(SwagAddToCart.java:43)
	at com.crm.qa.testcase.SwagAddToCart.addToCartTest(SwagAddToCart.java:43)
	at com.crm.qa.testcase.SwagAddToCart.addToCartTest(SwagAddToCart.java:43)
	at com.crm.qa.testcase.SwagAddToCart.addToCartTest(SwagAddToCart.java:43)
	at com.crm.qa.testcase.SwagAddToCart.addToCartTest(SwagAddToCart.java:43)
	at com.crm.qa.testcase.SwagAddToCart.addToCartTest(SwagAddToCart.java:43)
	at com.crm.qa.testcase.SwagAddToCart.addToCartTest(SwagAddToCart.java:43)
	at com.crm.qa.testcase.SwagAddToCart.addToCartTest(SwagAddToCart.java:43)
	at com.crm.qa.testcase.SwagAddToCart.addToCartTest(SwagAddToCart.java:43)
	at com.crm.qa.testcase.SwagAddToCart.addToCartTest(SwagAddToCart.java:43)
	at com.crm.qa.testcase.SwagAddToCart.addToCartTest(SwagAddToCart.java:43)
	at com.crm.qa.testcase.SwagAddToCart.addToCartTest(SwagAddToCart.java:43)
	at com.crm.qa.testcase.SwagAddToCart.addToCartTest(SwagAddToCart.java:43)
	at com.crm.qa.testcase.SwagAddToCart.addToCartTest(SwagAddToCart.java:43)
	at com.crm.qa.testcase.SwagAddToCart.addToCartTest(SwagAddToCart.java:43)
	at com.crm.qa.testcase.SwagAddToCart.addToCartTest(SwagAddToCart.java:43)
	at com.crm.qa.testcase.SwagAddToCart.addToCartTest(SwagAddToCart.java:43)
	at com.crm.qa.testcase.SwagAddToCart.addToCartTest(SwagAddToCart.java:43)
	at com.crm.qa.testcase.SwagAddToCart.addToCartTest(SwagAddToCart.java:43)
	at com.crm.qa.testcase.SwagAddToCart.addToCartTest(SwagAddToCart.java:43)
	at com.crm.qa.testcase.SwagAddToCart.addToCartTest(SwagAddToCart.java:43)
	at com.crm.qa.testcase.SwagAddToCart.addToCartTest(SwagAddToCart.java:43)
	at com.crm.qa.testcase.SwagAddToCart.addToCartTest(SwagAddToCart.java:43)
	at com.crm.qa.testcase.SwagAddToCart.addToCartTest(SwagAddToCart.java:43)
	at com.crm.qa.testcase.SwagAddToCart.addToCartTest(SwagAddToCart.java:43)
	at com.crm.qa.testcase.SwagAddToCart.addToCartTest(SwagAddToCart.java:43)
	at com.crm.qa.testcase.SwagAddToCart.addToCartTest(SwagAddToCart.java:43)
	at com.crm.qa.testcase.SwagAddToCart.addToCartTest(SwagAddToCart.java:43)
	at com.crm.qa.testcase.SwagAddToCart.addToCartTest(SwagAddToCart.java:43)
	at com.crm.qa.testcase.SwagAddToCart.addToCartTest(SwagAddToCart.java:43)
	at com.crm.qa.testcase.SwagAddToCart.addToCartTest(SwagAddToCart.java:43)
	at com.crm.qa.testcase.SwagAddToCart.addToCartTest(SwagAddToCart.java:43)
	at com.crm.qa.testcase.SwagAddToCart.addToCartTest(SwagAddToCart.java:43)
	at com.crm.qa.testcase.SwagAddToCart.addToCartTest(SwagAddToCart.java:43)
	at com.crm.qa.testcase.SwagAddToCart.addToCartTest(SwagAddToCart.java:43)
	at com.crm.qa.testcase.SwagAddToCart.addToCartTest(SwagAddToCart.java:43)
	at com.crm.qa.testcase.SwagAddToCart.addToCartTest(SwagAddToCart.java:43)
	at com.crm.qa.testcase.SwagAddToCart.addToCartTest(SwagAddToCart.java:43)
	at com.crm.qa.testcase.SwagAddToCart.addToCartTest(SwagAddToCart.java:43)
	at com.crm.qa.testcase.SwagAddToCart.addToCartTest(SwagAddToCart.java:43)
	at com.crm.qa.testcase.SwagAddToCart.addToCartTest(SwagAddToCart.java:43)
	at com.crm.qa.testcase.SwagAddToCart.addToCartTest(SwagAddToCart.java:43)
	at com.crm.qa.testcase.SwagAddToCart.addToCartTest(SwagAddToCart.java:43)
	at com.crm.qa.testcase.SwagAddToCart.addToCartTest(SwagAddToCart.java:43)
	at com.crm.qa.testcase.SwagAddToCart.addToCartTest(SwagAddToCart.java:43)
	at com.crm.qa.testcase.SwagAddToCart.addToCartTest(SwagAddToCart.java:43)
	at com.crm.qa.testcase.SwagAddToCart.addToCartTest(SwagAddToCart.java:43)
	at com.crm.qa.testcase.SwagAddToCart.addToCartTest(SwagAddToCart.java:43)
	at com.crm.qa.testcase.SwagAddToCart.addToCartTest(SwagAddToCart.java:43)
	at com.crm.qa.testcase.SwagAddToCart.addToCartTest(SwagAddToCart.java:43)
	at com.crm.qa.testcase.SwagAddToCart.addToCartTest(SwagAddToCart.java:43)
	at com.crm.qa.testcase.SwagAddToCart.addToCartTest(SwagAddToCart.java:43)
	at com.crm.qa.testcase.SwagAddToCart.addToCartTest(SwagAddToCart.java:43)
	at com.crm.qa.testcase.SwagAddToCart.addToCartTest(SwagAddToCart.java:43)
	at com.crm.qa.testcase.SwagAddToCart.addToCartTest(SwagAddToCart.java:43)
	at com.crm.qa.testcase.SwagAddToCart.addToCartTest(SwagAddToCart.java:43)
	at com.crm.qa.testcase.SwagAddToCart.addToCartTest(SwagAddToCart.java:43)
	at com.crm.qa.testcase.SwagAddToCart.addToCartTest(SwagAddToCart.java:43)
	at com.crm.qa.testcase.SwagAddToCart.addToCartTest(SwagAddToCart.java:43)
	at com.crm.qa.testcase.SwagAddToCart.addToCartTest(SwagAddToCart.java:43)
	at com.crm.qa.testcase.SwagAddToCart.addToCartTest(SwagAddToCart.java:43)
	at com.crm.qa.testcase.SwagAddToCart.addToCartTest(SwagAddToCart.java:43)
	at com.crm.qa.testcase.SwagAddToCart.addToCartTest(SwagAddToCart.java:43)
	at com.crm.qa.testcase.SwagAddToCart.addToCartTest(SwagAddToCart.java:43)
	at com.crm.qa.testcase.SwagAddToCart.addToCartTest(SwagAddToCart.java:43)
	at com.crm.qa.testcase.SwagAddToCart.addToCartTest(SwagAddToCart.java:43)
	at com.crm.qa.testcase.SwagAddToCart.addToCartTest(SwagAddToCart.java:43)
	at com.crm.qa.testcase.SwagAddToCart.addToCartTest(SwagAddToCart.java:43)
	at com.crm.qa.testcase.SwagAddToCart.addToCartTest(SwagAddToCart.java:43)
	at com.crm.qa.testcase.SwagAddToCart.addToCartTest(SwagAddToCart.java:43)
	at com.crm.qa.testcase.SwagAddToCart.addToCartTest(SwagAddToCart.java:43)
	at com.crm.qa.testcase.SwagAddToCart.addToCartTest(SwagAddToCart.java:43)
	at com.crm.qa.testcase.SwagAddToCart.addToCartTest(SwagAddToCart.java:43)
	at com.crm.qa.testcase.SwagAddToCart.addToCartTest(SwagAddToCart.java:43)
	at com.crm.qa.testcase.SwagAddToCart.addToCartTest(SwagAddToCart.java:43)
	at com.crm.qa.testcase.SwagAddToCart.addToCartTest(SwagAddToCart.java:43)
	at com.crm.qa.testcase.SwagAddToCart.addToCartTest(SwagAddToCart.java:43)
	at com.crm.qa.testcase.SwagAddToCart.addToCartTest(SwagAddToCart.java:43)
	at com.crm.qa.testcase.SwagAddToCart.addToCartTest(SwagAddToCart.java:43)
	at com.crm.qa.testcase.SwagAddToCart.addToCartTest(SwagAddToCart.java:43)
	at com.crm.qa.testcase.SwagAddToCart.addToCartTest(SwagAddToCart.java:43)
	at com.crm.qa.testcase.SwagAddToCart.addToCartTest(SwagAddToCart.java:43)
	at com.crm.qa.testcase.SwagAddToCart.addToCartTest(SwagAddToCart.java:43)
	at com.crm.qa.testcase.SwagAddToCart.addToCartTest(SwagAddToCart.java:43)
	at com.crm.qa.testcase.SwagAddToCart.addToCartTest(SwagAddToCart.java:43)
	at com.crm.qa.testcase.SwagAddToCart.addToCartTest(SwagAddToCart.java:43)
	at com.crm.qa.testcase.SwagAddToCart.addToCartTest(SwagAddToCart.java:43)
	at com.crm.qa.testcase.SwagAddToCart.addToCartTest(SwagAddToCart.java:43)
	at com.crm.qa.testcase.SwagAddToCart.addToCartTest(SwagAddToCart.java:43)
	at com.crm.qa.testcase.SwagAddToCart.addToCartTest(SwagAddToCart.java:43)
	at com.crm.qa.testcase.SwagAddToCart.addToCartTest(SwagAddToCart.java:43)
	at com.crm.qa.testcase.SwagAddToCart.addToCartTest(SwagAddToCart.java:43)
	at com.crm.qa.testcase.SwagAddToCart.addToCartTest(SwagAddToCart.java:43)
	at com.crm.qa.testcase.SwagAddToCart.addToCartTest(SwagAddToCart.java:43)
	at com.crm.qa.testcase.SwagAddToCart.addToCartTest(SwagAddToCart.java:43)
	at com.crm.qa.testcase.SwagAddToCart.addToCartTest(SwagAddToCart.java:43)
	at com.crm.qa.testcase.SwagAddToCart.addToCartTest(SwagAddToCart.java:43)
	at com.crm.qa.testcase.SwagAddToCart.addToCartTest(SwagAddToCart.java:43)
	at com.crm.qa.testcase.SwagAddToCart.addToCartTest(SwagAddToCart.java:43)
	at com.crm.qa.testcase.SwagAddToCart.addToCartTest(SwagAddToCart.java:43)
	at com.crm.qa.testcase.SwagAddToCart.addToCartTest(SwagAddToCart.java:43)
	at com.crm.qa.testcase.SwagAddToCart.addToCartTest(SwagAddToCart.java:43)
	at com.crm.qa.testcase.SwagAddToCart.addToCartTest(SwagAddToCart.java:43)
	at com.crm.qa.testcase.SwagAddToCart.addToCartTest(SwagAddToCart.java:43)
	at com.crm.qa.testcase.SwagAddToCart.addToCartTest(SwagAddToCart.java:43)
	at com.crm.qa.testcase.SwagAddToCart.addToCartTest(SwagAddToCart.java:43)
	at com.crm.qa.testcase.SwagAddToCart.addToCartTest(SwagAddToCart.java:43)
	at com.crm.qa.testcase.SwagAddToCart.addToCartTest(SwagAddToCart.java:43)
	at com.crm.qa.testcase.SwagAddToCart.addToCartTest(SwagAddToCart.java:43)
	at com.crm.qa.testcase.SwagAddToCart.addToCartTest(SwagAddToCart.java:43)
	at com.crm.qa.testcase.SwagAddToCart.addToCartTest(SwagAddToCart.java:43)
	at com.crm.qa.testcase.SwagAddToCart.addToCartTest(SwagAddToCart.java:43)
	at com.crm.qa.testcase.SwagAddToCart.addToCartTest(SwagAddToCart.java:43)
	at com.crm.qa.testcase.SwagAddToCart.addToCartTest(SwagAddToCart.java:43)
	at com.crm.qa.testcase.SwagAddToCart.addToCartTest(SwagAddToCart.java:43)
	at com.crm.qa.testcase.SwagAddToCart.addToCartTest(SwagAddToCart.java:43)
	at com.crm.qa.testcase.SwagAddToCart.addToCartTest(SwagAddToCart.java:43)
	at com.crm.qa.testcase.SwagAddToCart.addToCartTest(SwagAddToCart.java:43)
	at com.crm.qa.testcase.SwagAddToCart.addToCartTest(SwagAddToCart.java:43)
	at com.crm.qa.testcase.SwagAddToCart.addToCartTest(SwagAddToCart.java:43)
	at com.crm.qa.testcase.SwagAddToCart.addToCartTest(SwagAddToCart.java:43)
	at com.crm.qa.testcase.SwagAddToCart.addToCartTest(SwagAddToCart.java:43)
	at com.crm.qa.testcase.SwagAddToCart.addToCartTest(SwagAddToCart.java:43)
	at com.crm.qa.testcase.SwagAddToCart.addToCartTest(SwagAddToCart.java:43)
	at com.crm.qa.testcase.SwagAddToCart.addToCartTest(SwagAddToCart.java:43)
	at com.crm.qa.testcase.SwagAddToCart.addToCartTest(SwagAddToCart.java:43)
	at com.crm.qa.testcase.SwagAddToCart.addToCartTest(SwagAddToCart.java:43)
	at com.crm.qa.testcase.SwagAddToCart.addToCartTest(SwagAddToCart.java:43)
	at com.crm.qa.testcase.SwagAddToCart.addToCartTest(SwagAddToCart.java:43)
	at com.crm.qa.testcase.SwagAddToCart.addToCartTest(SwagAddToCart.java:43)
	at com.crm.qa.testcase.SwagAddToCart.addToCartTest(SwagAddToCart.java:43)
	at com.crm.qa.testcase.SwagAddToCart.addToCartTest(SwagAddToCart.java:43)
	at com.crm.qa.testcase.SwagAddToCart.addToCartTest(SwagAddToCart.java:43)
	at com.crm.qa.testcase.SwagAddToCart.addToCartTest(SwagAddToCart.java:43)
	at com.crm.qa.testcase.SwagAddToCart.addToCartTest(SwagAddToCart.java:43)
	at com.crm.qa.testcase.SwagAddToCart.addToCartTest(SwagAddToCart.java:43)
	at com.crm.qa.testcase.SwagAddToCart.addToCartTest(SwagAddToCart.java:43)
	at com.crm.qa.testcase.SwagAddToCart.addToCartTest(SwagAddToCart.java:43)
	at com.crm.qa.testcase.SwagAddToCart.addToCartTest(SwagAddToCart.java:43)
	at com.crm.qa.testcase.SwagAddToCart.addToCartTest(SwagAddToCart.java:43)
	at com.crm.qa.testcase.SwagAddToCart.addToCartTest(SwagAddToCart.java:43)
	at com.crm.qa.testcase.SwagAddToCart.addToCartTest(SwagAddToCart.java:43)
	at com.crm.qa.testcase.SwagAddToCart.addToCartTest(SwagAddToCart.java:43)
	at com.crm.qa.testcase.SwagAddToCart.addToCartTest(SwagAddToCart.java:43)
	at com.crm.qa.testcase.SwagAddToCart.addToCartTest(SwagAddToCart.java:43)
	at com.crm.qa.testcase.SwagAddToCart.addToCartTest(SwagAddToCart.java:43)
	at com.crm.qa.testcase.SwagAddToCart.addToCartTest(SwagAddToCart.java:43)
	at com.crm.qa.testcase.SwagAddToCart.addToCartTest(SwagAddToCart.java:43)
	at com.crm.qa.testcase.SwagAddToCart.addToCartTest(SwagAddToCart.java:43)
	at com.crm.qa.testcase.SwagAddToCart.addToCartTest(SwagAddToCart.java:43)
	at com.crm.qa.testcase.SwagAddToCart.addToCartTest(SwagAddToCart.java:43)
	at com.crm.qa.testcase.SwagAddToCart.addToCartTest(SwagAddToCart.java:43)
	at com.crm.qa.testcase.SwagAddToCart.addToCartTest(SwagAddToCart.java:43)
	at com.crm.qa.testcase.SwagAddToCart.addToCartTest(SwagAddToCart.java:43)
	at com.crm.qa.testcase.SwagAddToCart.addToCartTest(SwagAddToCart.java:43)
	at com.crm.qa.testcase.SwagAddToCart.addToCartTest(SwagAddToCart.java:43)
	at com.crm.qa.testcase.SwagAddToCart.addToCartTest(SwagAddToCart.java:43)
	at com.crm.qa.testcase.SwagAddToCart.addToCartTest(SwagAddToCart.java:43)
	at com.crm.qa.testcase.SwagAddToCart.addToCartTest(SwagAddToCart.java:43)
	at com.crm.qa.testcase.SwagAddToCart.addToCartTest(SwagAddToCart.java:43)
	at com.crm.qa.testcase.SwagAddToCart.addToCartTest(SwagAddToCart.java:43)
	at com.crm.qa.testcase.SwagAddToCart.addToCartTest(SwagAddToCart.java:43)
	at com.crm.qa.testcase.SwagAddToCart.addToCartTest(SwagAddToCart.java:43)
	at com.crm.qa.testcase.SwagAddToCart.addToCartTest(SwagAddToCart.java:43)
	at com.crm.qa.testcase.SwagAddToCart.addToCartTest(SwagAddToCart.java:43)
	at com.crm.qa.testcase.SwagAddToCart.addToCartTest(SwagAddToCart.java:43)
	at com.crm.qa.testcase.SwagAddToCart.addToCartTest(SwagAddToCart.java:43)
	at com.crm.qa.testcase.SwagAddToCart.addToCartTest(SwagAddToCart.java:43)
	at com.crm.qa.testcase.SwagAddToCart.addToCartTest(SwagAddToCart.java:43)
	at com.crm.qa.testcase.SwagAddToCart.addToCartTest(SwagAddToCart.java:43)
	at com.crm.qa.testcase.SwagAddToCart.addToCartTest(SwagAddToCart.java:43)
	at com.crm.qa.testcase.SwagAddToCart.addToCartTest(SwagAddToCart.java:43)
	at com.crm.qa.testcase.SwagAddToCart.addToCartTest(SwagAddToCart.java:43)
	at com.crm.qa.testcase.SwagAddToCart.addToCartTest(SwagAddToCart.java:43)
	at com.crm.qa.testcase.SwagAddToCart.addToCartTest(SwagAddToCart.java:43)
	at com.crm.qa.testcase.SwagAddToCart.addToCartTest(SwagAddToCart.java:43)
	at com.crm.qa.testcase.SwagAddToCart.addToCartTest(SwagAddToCart.java:43)
	at com.crm.qa.testcase.SwagAddToCart.addToCartTest(SwagAddToCart.java:43)
	at com.crm.qa.testcase.SwagAddToCart.addToCartTest(SwagAddToCart.java:43)
	at com.crm.qa.testcase.SwagAddToCart.addToCartTest(SwagAddToCart.java:43)
	at com.crm.qa.testcase.SwagAddToCart.addToCartTest(SwagAddToCart.java:43)
	at com.crm.qa.testcase.SwagAddToCart.addToCartTest(SwagAddToCart.java:43)
	at com.crm.qa.testcase.SwagAddToCart.addToCartTest(SwagAddToCart.java:43)
	at com.crm.qa.testcase.SwagAddToCart.addToCartTest(SwagAddToCart.java:43)
	at com.crm.qa.testcase.SwagAddToCart.addToCartTest(SwagAddToCart.java:43)
	at com.crm.qa.testcase.SwagAddToCart.addToCartTest(SwagAddToCart.java:43)
	at com.crm.qa.testcase.SwagAddToCart.addToCartTest(SwagAddToCart.java:43)
	at com.crm.qa.testcase.SwagAddToCart.addToCartTest(SwagAddToCart.java:43)
	at com.crm.qa.testcase.SwagAddToCart.addToCartTest(SwagAddToCart.java:43)
	at com.crm.qa.testcase.SwagAddToCart.addToCartTest(SwagAddToCart.java:43)
	at com.crm.qa.testcase.SwagAddToCart.addToCartTest(SwagAddToCart.java:43)
	at com.crm.qa.testcase.SwagAddToCart.addToCartTest(SwagAddToCart.java:43)
	at com.crm.qa.testcase.SwagAddToCart.addToCartTest(SwagAddToCart.java:43)
	at com.crm.qa.testcase.SwagAddToCart.addToCartTest(SwagAddToCart.java:43)
	at com.crm.qa.testcase.SwagAddToCart.addToCartTest(SwagAddToCart.java:43)
	at com.crm.qa.testcase.SwagAddToCart.addToCartTest(SwagAddToCart.java:43)
	at com.crm.qa.testcase.SwagAddToCart.addToCartTest(SwagAddToCart.java:43)
	at com.crm.qa.testcase.SwagAddToCart.addToCartTest(SwagAddToCart.java:43)
	at com.crm.qa.testcase.SwagAddToCart.addToCartTest(SwagAddToCart.java:43)
	at com.crm.qa.testcase.SwagAddToCart.addToCartTest(SwagAddToCart.java:43)
	at com.crm.qa.testcase.SwagAddToCart.addToCartTest(SwagAddToCart.java:43)
	at com.crm.qa.testcase.SwagAddToCart.addToCartTest(SwagAddToCart.java:43)
	at com.crm.qa.testcase.SwagAddToCart.addToCartTest(SwagAddToCart.java:43)
	at com.crm.qa.testcase.SwagAddToCart.addToCartTest(SwagAddToCart.java:43)
	at com.crm.qa.testcase.SwagAddToCart.addToCartTest(SwagAddToCart.java:43)
	at com.crm.qa.testcase.SwagAddToCart.addToCartTest(SwagAddToCart.java:43)
	at com.crm.qa.testcase.SwagAddToCart.addToCartTest(SwagAddToCart.java:43)
	at com.crm.qa.testcase.SwagAddToCart.addToCartTest(SwagAddToCart.java:43)
	at com.crm.qa.testcase.SwagAddToCart.addToCartTest(SwagAddToCart.java:43)
	at com.crm.qa.testcase.SwagAddToCart.addToCartTest(SwagAddToCart.java:43)
	at com.crm.qa.testcase.SwagAddToCart.addToCartTest(SwagAddToCart.java:43)
	at com.crm.qa.testcase.SwagAddToCart.addToCartTest(SwagAddToCart.java:43)
	at com.crm.qa.testcase.SwagAddToCart.addToCartTest(SwagAddToCart.java:43)
	at com.crm.qa.testcase.SwagAddToCart.addToCartTest(SwagAddToCart.java:43)
	at com.crm.qa.testcase.SwagAddToCart.addToCartTest(SwagAddToCart.java:43)
	at com.crm.qa.testcase.SwagAddToCart.addToCartTest(SwagAddToCart.java:43)
	at com.crm.qa.testcase.SwagAddToCart.addToCartTest(SwagAddToCart.java:43)
	at com.crm.qa.testcase.SwagAddToCart.addToCartTest(SwagAddToCart.java:43)
	at com.crm.qa.testcase.SwagAddToCart.addToCartTest(SwagAddToCart.java:43)
	at com.crm.qa.testcase.SwagAddToCart.addToCartTest(SwagAddToCart.java:43)
	at com.crm.qa.testcase.SwagAddToCart.addToCartTest(SwagAddToCart.java:43)
	at com.crm.qa.testcase.SwagAddToCart.addToCartTest(SwagAddToCart.java:43)
	at com.crm.qa.testcase.SwagAddToCart.addToCartTest(SwagAddToCart.java:43)
	at com.crm.qa.testcase.SwagAddToCart.addToCartTest(SwagAddToCart.java:43)
	at com.crm.qa.testcase.SwagAddToCart.addToCartTest(SwagAddToCart.java:43)
	at com.crm.qa.testcase.SwagAddToCart.addToCartTest(SwagAddToCart.java:43)
	at com.crm.qa.testcase.SwagAddToCart.addToCartTest(SwagAddToCart.java:43)
	at com.crm.qa.testcase.SwagAddToCart.addToCartTest(SwagAddToCart.java:43)
	at com.crm.qa.testcase.SwagAddToCart.addToCartTest(SwagAddToCart.java:43)
	at com.crm.qa.testcase.SwagAddToCart.addToCartTest(SwagAddToCart.java:43)
	at com.crm.qa.testcase.SwagAddToCart.addToCartTest(SwagAddToCart.java:43)
	at com.crm.qa.testcase.SwagAddToCart.addToCartTest(SwagAddToCart.java:43)
	at com.crm.qa.testcase.SwagAddToCart.addToCartTest(SwagAddToCart.java:43)
	at com.crm.qa.testcase.SwagAddToCart.addToCartTest(SwagAddToCart.java:43)
	at com.crm.qa.testcase.SwagAddToCart.addToCartTest(SwagAddToCart.java:43)
	at com.crm.qa.testcase.SwagAddToCart.addToCartTest(SwagAddToCart.java:43)
	at com.crm.qa.testcase.SwagAddToCart.addToCartTest(SwagAddToCart.java:43)
	at com.crm.qa.testcase.SwagAddToCart.addToCartTest(SwagAddToCart.java:43)
	at com.crm.qa.testcase.SwagAddToCart.addToCartTest(SwagAddToCart.java:43)
	at com.crm.qa.testcase.SwagAddToCart.addToCartTest(SwagAddToCart.java:43)
	at com.crm.qa.testcase.SwagAddToCart.addToCartTest(SwagAddToCart.java:43)
	at com.crm.qa.testcase.SwagAddToCart.addToCartTest(SwagAddToCart.java:43)
	at com.crm.qa.testcase.SwagAddToCart.addToCartTest(SwagAddToCart.java:43)
	at com.crm.qa.testcase.SwagAddToCart.addToCartTest(SwagAddToCart.java:43)
	at com.crm.qa.testcase.SwagAddToCart.addToCartTest(SwagAddToCart.java:43)
	at com.crm.qa.testcase.SwagAddToCart.addToCartTest(SwagAddToCart.java:43)
	at com.crm.qa.testcase.SwagAddToCart.addToCartTest(SwagAddToCart.java:43)
	at com.crm.qa.testcase.SwagAddToCart.addToCartTest(SwagAddToCart.java:43)
	at com.crm.qa.testcase.SwagAddToCart.addToCartTest(SwagAddToCart.java:43)
	at com.crm.qa.testcase.SwagAddToCart.addToCartTest(SwagAddToCart.java:43)
	at com.crm.qa.testcase.SwagAddToCart.addToCartTest(SwagAddToCart.java:43)
	at com.crm.qa.testcase.SwagAddToCart.addToCartTest(SwagAddToCart.java:43)
	at com.crm.qa.testcase.SwagAddToCart.addToCartTest(SwagAddToCart.java:43)
	at com.crm.qa.testcase.SwagAddToCart.addToCartTest(SwagAddToCart.java:43)
	at com.crm.qa.testcase.SwagAddToCart.addToCartTest(SwagAddToCart.java:43)
	at com.crm.qa.testcase.SwagAddToCart.addToCartTest(SwagAddToCart.java:43)
	at com.crm.qa.testcase.SwagAddToCart.addToCartTest(SwagAddToCart.java:43)
	at com.crm.qa.testcase.SwagAddToCart.addToCartTest(SwagAddToCart.java:43)
	at com.crm.qa.testcase.SwagAddToCart.addToCartTest(SwagAddToCart.java:43)
	at com.crm.qa.testcase.SwagAddToCart.addToCartTest(SwagAddToCart.java:43)
	at com.crm.qa.testcase.SwagAddToCart.addToCartTest(SwagAddToCart.java:43)
	at com.crm.qa.testcase.SwagAddToCart.addToCartTest(SwagAddToCart.java:43)
	at com.crm.qa.testcase.SwagAddToCart.addToCartTest(SwagAddToCart.java:43)
	at com.crm.qa.testcase.SwagAddToCart.addToCartTest(SwagAddToCart.java:43)
	at com.crm.qa.testcase.SwagAddToCart.addToCartTest(SwagAddToCart.java:43)
	at com.crm.qa.testcase.SwagAddToCart.addToCartTest(SwagAddToCart.java:43)
	at com.crm.qa.testcase.SwagAddToCart.addToCartTest(SwagAddToCart.java:43)
	at com.crm.qa.testcase.SwagAddToCart.addToCartTest(SwagAddToCart.java:43)
	at com.crm.qa.testcase.SwagAddToCart.addToCartTest(SwagAddToCart.java:43)
	at com.crm.qa.testcase.SwagAddToCart.addToCartTest(SwagAddToCart.java:43)
	at com.crm.qa.testcase.SwagAddToCart.addToCartTest(SwagAddToCart.java:43)
	at com.crm.qa.testcase.SwagAddToCart.addToCartTest(SwagAddToCart.java:43)
	at com.crm.qa.testcase.SwagAddToCart.addToCartTest(SwagAddToCart.java:43)
	at com.crm.qa.testcase.SwagAddToCart.addToCartTest(SwagAddToCart.java:43)
	at com.crm.qa.testcase.SwagAddToCart.addToCartTest(SwagAddToCart.java:43)
	at com.crm.qa.testcase.SwagAddToCart.addToCartTest(SwagAddToCart.java:43)
	at com.crm.qa.testcase.SwagAddToCart.addToCartTest(SwagAddToCart.java:43)
	at com.crm.qa.testcase.SwagAddToCart.addToCartTest(SwagAddToCart.java:43)
	at com.crm.qa.testcase.SwagAddToCart.addToCartTest(SwagAddToCart.java:43)
	at com.crm.qa.testcase.SwagAddToCart.addToCartTest(SwagAddToCart.java:43)
	at com.crm.qa.testcase.SwagAddToCart.addToCartTest(SwagAddToCart.java:43)
	at com.crm.qa.testcase.SwagAddToCart.addToCartTest(SwagAddToCart.java:43)
	at com.crm.qa.testcase.SwagAddToCart.addToCartTest(SwagAddToCart.java:43)
	at com.crm.qa.testcase.SwagAddToCart.addToCartTest(SwagAddToCart.java:43)
	at com.crm.qa.testcase.SwagAddToCart.addToCartTest(SwagAddToCart.java:43)
	at com.crm.qa.testcase.SwagAddToCart.addToCartTest(SwagAddToCart.java:43)
	at com.crm.qa.testcase.SwagAddToCart.addToCartTest(SwagAddToCart.java:43)
	at com.crm.qa.testcase.SwagAddToCart.addToCartTest(SwagAddToCart.java:43)
	at com.crm.qa.testcase.SwagAddToCart.addToCartTest(SwagAddToCart.java:43)
	at com.crm.qa.testcase.SwagAddToCart.addToCartTest(SwagAddToCart.java:43)
	at com.crm.qa.testcase.SwagAddToCart.addToCartTest(SwagAddToCart.java:43)
	at com.crm.qa.testcase.SwagAddToCart.addToCartTest(SwagAddToCart.java:43)
	at com.crm.qa.testcase.SwagAddToCart.addToCartTest(SwagAddToCart.java:43)
	at com.crm.qa.testcase.SwagAddToCart.addToCartTest(SwagAddToCart.java:43)
	at com.crm.qa.testcase.SwagAddToCart.addToCartTest(SwagAddToCart.java:43)
	at com.crm.qa.testcase.SwagAddToCart.addToCartTest(SwagAddToCart.java:43)
	at com.crm.qa.testcase.SwagAddToCart.addToCartTest(SwagAddToCart.java:43)
	at com.crm.qa.testcase.SwagAddToCart.addToCartTest(SwagAddToCart.java:43)
	at com.crm.qa.testcase.SwagAddToCart.addToCartTest(SwagAddToCart.java:43)
	at com.crm.qa.testcase.SwagAddToCart.addToCartTest(SwagAddToCart.java:43)
	at com.crm.qa.testcase.SwagAddToCart.addToCartTest(SwagAddToCart.java:43)
	at com.crm.qa.testcase.SwagAddToCart.addToCartTest(SwagAddToCart.java:43)
	at com.crm.qa.testcase.SwagAddToCart.addToCartTest(SwagAddToCart.java:43)
	at com.crm.qa.testcase.SwagAddToCart.addToCartTest(SwagAddToCart.java:43)
	at com.crm.qa.testcase.SwagAddToCart.addToCartTest(SwagAddToCart.java:43)
	at com.crm.qa.testcase.SwagAddToCart.addToCartTest(SwagAddToCart.java:43)
	at com.crm.qa.testcase.SwagAddToCart.addToCartTest(SwagAddToCart.java:43)
	at com.crm.qa.testcase.SwagAddToCart.addToCartTest(SwagAddToCart.java:43)
	at com.crm.qa.testcase.SwagAddToCart.addToCartTest(SwagAddToCart.java:43)
	at com.crm.qa.testcase.SwagAddToCart.addToCartTest(SwagAddToCart.java:43)
	at com.crm.qa.testcase.SwagAddToCart.addToCartTest(SwagAddToCart.java:43)
	at com.crm.qa.testcase.SwagAddToCart.addToCartTest(SwagAddToCart.java:43)
	at com.crm.qa.testcase.SwagAddToCart.addToCartTest(SwagAddToCart.java:43)
	at com.crm.qa.testcase.SwagAddToCart.addToCartTest(SwagAddToCart.java:43)
	at com.crm.qa.testcase.SwagAddToCart.addToCartTest(SwagAddToCart.java:43)
	at com.crm.qa.testcase.SwagAddToCart.addToCartTest(SwagAddToCart.java:43)
	at com.crm.qa.testcase.SwagAddToCart.addToCartTest(SwagAddToCart.java:43)
	at com.crm.qa.testcase.SwagAddToCart.addToCartTest(SwagAddToCart.java:43)
	at com.crm.qa.testcase.SwagAddToCart.addToCartTest(SwagAddToCart.java:43)
	at com.crm.qa.testcase.SwagAddToCart.addToCartTest(SwagAddToCart.java:43)
	at com.crm.qa.testcase.SwagAddToCart.addToCartTest(SwagAddToCart.java:43)
	at com.crm.qa.testcase.SwagAddToCart.addToCartTest(SwagAddToCart.java:43)
	at com.crm.qa.testcase.SwagAddToCart.addToCartTest(SwagAddToCart.java:43)
	at com.crm.qa.testcase.SwagAddToCart.addToCartTest(SwagAddToCart.java:43)
	at com.crm.qa.testcase.SwagAddToCart.addToCartTest(SwagAddToCart.java:43)
	at com.crm.qa.testcase.SwagAddToCart.addToCartTest(SwagAddToCart.java:43)
	at com.crm.qa.testcase.SwagAddToCart.addToCartTest(SwagAddToCart.java:43)
	at com.crm.qa.testcase.SwagAddToCart.addToCartTest(SwagAddToCart.java:43)
	at com.crm.qa.testcase.SwagAddToCart.addToCartTest(SwagAddToCart.java:43)
	at com.crm.qa.testcase.SwagAddToCart.addToCartTest(SwagAddToCart.java:43)
	at com.crm.qa.testcase.SwagAddToCart.addToCartTest(SwagAddToCart.java:43)
	at com.crm.qa.testcase.SwagAddToCart.addToCartTest(SwagAddToCart.java:43)
	at com.crm.qa.testcase.SwagAddToCart.addToCartTest(SwagAddToCart.java:43)
	at com.crm.qa.testcase.SwagAddToCart.addToCartTest(SwagAddToCart.java:43)
	at com.crm.qa.testcase.SwagAddToCart.addToCartTest(SwagAddToCart.java:43)
	at com.crm.qa.testcase.SwagAddToCart.addToCartTest(SwagAddToCart.java:43)
	at com.crm.qa.testcase.SwagAddToCart.addToCartTest(SwagAddToCart.java:43)
	at com.crm.qa.testcase.SwagAddToCart.addToCartTest(SwagAddToCart.java:43)
	at com.crm.qa.testcase.SwagAddToCart.addToCartTest(SwagAddToCart.java:43)
	at com.crm.qa.testcase.SwagAddToCart.addToCartTest(SwagAddToCart.java:43)
	at com.crm.qa.testcase.SwagAddToCart.addToCartTest(SwagAddToCart.java:43)
	at com.crm.qa.testcase.SwagAddToCart.addToCartTest(SwagAddToCart.java:43)
	at com.crm.qa.testcase.SwagAddToCart.addToCartTest(SwagAddToCart.java:43)
	at com.crm.qa.testcase.SwagAddToCart.addToCartTest(SwagAddToCart.java:43)
	at com.crm.qa.testcase.SwagAddToCart.addToCartTest(SwagAddToCart.java:43)
	at com.crm.qa.testcase.SwagAddToCart.addToCartTest(SwagAddToCart.java:43)
	at com.crm.qa.testcase.SwagAddToCart.addToCartTest(SwagAddToCart.java:43)
	at com.crm.qa.testcase.SwagAddToCart.addToCartTest(SwagAddToCart.java:43)
	at com.crm.qa.testcase.SwagAddToCart.addToCartTest(SwagAddToCart.java:43)
	at com.crm.qa.testcase.SwagAddToCart.addToCartTest(SwagAddToCart.java:43)
	at com.crm.qa.testcase.SwagAddToCart.addToCartTest(SwagAddToCart.java:43)
	at com.crm.qa.testcase.SwagAddToCart.addToCartTest(SwagAddToCart.java:43)
	at com.crm.qa.testcase.SwagAddToCart.addToCartTest(SwagAddToCart.java:43)
	at com.crm.qa.testcase.SwagAddToCart.addToCartTest(SwagAddToCart.java:43)
	at com.crm.qa.testcase.SwagAddToCart.addToCartTest(SwagAddToCart.java:43)
	at com.crm.qa.testcase.SwagAddToCart.addToCartTest(SwagAddToCart.java:43)
	at com.crm.qa.testcase.SwagAddToCart.addToCartTest(SwagAddToCart.java:43)
	at com.crm.qa.testcase.SwagAddToCart.addToCartTest(SwagAddToCart.java:43)
	at com.crm.qa.testcase.SwagAddToCart.addToCartTest(SwagAddToCart.java:43)
	at com.crm.qa.testcase.SwagAddToCart.addToCartTest(SwagAddToCart.java:43)
	at com.crm.qa.testcase.SwagAddToCart.addToCartTest(SwagAddToCart.java:43)
	at com.crm.qa.testcase.SwagAddToCart.addToCartTest(SwagAddToCart.java:43)
	at com.crm.qa.testcase.SwagAddToCart.addToCartTest(SwagAddToCart.java:43)
	at com.crm.qa.testcase.SwagAddToCart.addToCartTest(SwagAddToCart.java:43)
	at com.crm.qa.testcase.SwagAddToCart.addToCartTest(SwagAddToCart.java:43)
	at com.crm.qa.testcase.SwagAddToCart.addToCartTest(SwagAddToCart.java:43)
	at com.crm.qa.testcase.SwagAddToCart.addToCartTest(SwagAddToCart.java:43)
	at com.crm.qa.testcase.SwagAddToCart.addToCartTest(SwagAddToCart.java:43)
	at com.crm.qa.testcase.SwagAddToCart.addToCartTest(SwagAddToCart.java:43)
	at com.crm.qa.testcase.SwagAddToCart.addToCartTest(SwagAddToCart.java:43)
	at com.crm.qa.testcase.SwagAddToCart.addToCartTest(SwagAddToCart.java:43)
	at com.crm.qa.testcase.SwagAddToCart.addToCartTest(SwagAddToCart.java:43)
	at com.crm.qa.testcase.SwagAddToCart.addToCartTest(SwagAddToCart.java:43)
	at com.crm.qa.testcase.SwagAddToCart.addToCartTest(SwagAddToCart.java:43)
	at com.crm.qa.testcase.SwagAddToCart.addToCartTest(SwagAddToCart.java:43)
	at com.crm.qa.testcase.SwagAddToCart.addToCartTest(SwagAddToCart.java:43)
	at com.crm.qa.testcase.SwagAddToCart.addToCartTest(SwagAddToCart.java:43)
	at com.crm.qa.testcase.SwagAddToCart.addToCartTest(SwagAddToCart.java:43)
	at com.crm.qa.testcase.SwagAddToCart.addToCartTest(SwagAddToCart.java:43)
	at com.crm.qa.testcase.SwagAddToCart.addToCartTest(SwagAddToCart.java:43)
	at com.crm.qa.testcase.SwagAddToCart.addToCartTest(SwagAddToCart.java:43)
	at com.crm.qa.testcase.SwagAddToCart.addToCartTest(SwagAddToCart.java:43)
	at com.crm.qa.testcase.SwagAddToCart.addToCartTest(SwagAddToCart.java:43)
	at com.crm.qa.testcase.SwagAddToCart.addToCartTest(SwagAddToCart.java:43)
	at com.crm.qa.testcase.SwagAddToCart.addToCartTest(SwagAddToCart.java:43)
	at com.crm.qa.testcase.SwagAddToCart.addToCartTest(SwagAddToCart.java:43)
	at com.crm.qa.testcase.SwagAddToCart.addToCartTest(SwagAddToCart.java:43)
	at com.crm.qa.testcase.SwagAddToCart.addToCartTest(SwagAddToCart.java:43)
	at com.crm.qa.testcase.SwagAddToCart.addToCartTest(SwagAddToCart.java:43)
	at com.crm.qa.testcase.SwagAddToCart.addToCartTest(SwagAddToCart.java:43)
	at com.crm.qa.testcase.SwagAddToCart.addToCartTest(SwagAddToCart.java:43)
	at com.crm.qa.testcase.SwagAddToCart.addToCartTest(SwagAddToCart.java:43)
	at com.crm.qa.testcase.SwagAddToCart.addToCartTest(SwagAddToCart.java:43)
	at com.crm.qa.testcase.SwagAddToCart.addToCartTest(SwagAddToCart.java:43)
	at com.crm.qa.testcase.SwagAddToCart.addToCartTest(SwagAddToCart.java:43)
	at com.crm.qa.testcase.SwagAddToCart.addToCartTest(SwagAddToCart.java:43)
	at com.crm.qa.testcase.SwagAddToCart.addToCartTest(SwagAddToCart.java:43)
	at com.crm.qa.testcase.SwagAddToCart.addToCartTest(SwagAddToCart.java:43)
	at com.crm.qa.testcase.SwagAddToCart.addToCartTest(SwagAddToCart.java:43)
	at com.crm.qa.testcase.SwagAddToCart.addToCartTest(SwagAddToCart.java:43)
	at com.crm.qa.testcase.SwagAddToCart.addToCartTest(SwagAddToCart.java:43)
	at com.crm.qa.testcase.SwagAddToCart.addToCartTest(SwagAddToCart.java:43)
	at com.crm.qa.testcase.SwagAddToCart.addToCartTest(SwagAddToCart.java:43)
	at com.crm.qa.testcase.SwagAddToCart.addToCartTest(SwagAddToCart.java:43)
	at com.crm.qa.testcase.SwagAddToCart.addToCartTest(SwagAddToCart.java:43)
	at com.crm.qa.testcase.SwagAddToCart.addToCartTest(SwagAddToCart.java:43)
	at com.crm.qa.testcase.SwagAddToCart.addToCartTest(SwagAddToCart.java:43)
	at com.crm.qa.testcase.SwagAddToCart.addToCartTest(SwagAddToCart.java:43)
	at com.crm.qa.testcase.SwagAddToCart.addToCartTest(SwagAddToCart.java:43)
	at com.crm.qa.testcase.SwagAddToCart.addToCartTest(SwagAddToCart.java:43)
	at com.crm.qa.testcase.SwagAddToCart.addToCartTest(SwagAddToCart.java:43)
	at com.crm.qa.testcase.SwagAddToCart.addToCartTest(SwagAddToCart.java:43)
	at com.crm.qa.testcase.SwagAddToCart.addToCartTest(SwagAddToCart.java:43)
	at com.crm.qa.testcase.SwagAddToCart.addToCartTest(SwagAddToCart.java:43)
	at com.crm.qa.testcase.SwagAddToCart.addToCartTest(SwagAddToCart.java:43)
	at com.crm.qa.testcase.SwagAddToCart.addToCartTest(SwagAddToCart.java:43)
	at com.crm.qa.testcase.SwagAddToCart.addToCartTest(SwagAddToCart.java:43)
	at com.crm.qa.testcase.SwagAddToCart.addToCartTest(SwagAddToCart.java:43)
	at com.crm.qa.testcase.SwagAddToCart.addToCartTest(SwagAddToCart.java:43)
	at com.crm.qa.testcase.SwagAddToCart.addToCartTest(SwagAddToCart.java:43)
	at com.crm.qa.testcase.SwagAddToCart.addToCartTest(SwagAddToCart.java:43)
	at com.crm.qa.testcase.SwagAddToCart.addToCartTest(SwagAddToCart.java:43)
	at com.crm.qa.testcase.SwagAddToCart.addToCartTest(SwagAddToCart.java:43)
	at com.crm.qa.testcase.SwagAddToCart.addToCartTest(SwagAddToCart.java:43)
	at com.crm.qa.testcase.SwagAddToCart.addToCartTest(SwagAddToCart.java:43)
	at com.crm.qa.testcase.SwagAddToCart.addToCartTest(SwagAddToCart.java:43)
	at com.crm.qa.testcase.SwagAddToCart.addToCartTest(SwagAddToCart.java:43)
	at com.crm.qa.testcase.SwagAddToCart.addToCartTest(SwagAddToCart.java:43)
	at com.crm.qa.testcase.SwagAddToCart.addToCartTest(SwagAddToCart.java:43)
	at com.crm.qa.testcase.SwagAddToCart.addToCartTest(SwagAddToCart.java:43)
	at com.crm.qa.testcase.SwagAddToCart.addToCartTest(SwagAddToCart.java:43)
	at com.crm.qa.testcase.SwagAddToCart.addToCartTest(SwagAddToCart.java:43)
	at com.crm.qa.testcase.SwagAddToCart.addToCartTest(SwagAddToCart.java:43)
	at com.crm.qa.testcase.SwagAddToCart.addToCartTest(SwagAddToCart.java:43)
	at com.crm.qa.testcase.SwagAddToCart.addToCartTest(SwagAddToCart.java:43)
	at com.crm.qa.testcase.SwagAddToCart.addToCartTest(SwagAddToCart.java:43)
	at com.crm.qa.testcase.SwagAddToCart.addToCartTest(SwagAddToCart.java:43)
	at com.crm.qa.testcase.SwagAddToCart.addToCartTest(SwagAddToCart.java:43)
	at com.crm.qa.testcase.SwagAddToCart.addToCartTest(SwagAddToCart.java:43)
	at com.crm.qa.testcase.SwagAddToCart.addToCartTest(SwagAddToCart.java:43)
	at com.crm.qa.testcase.SwagAddToCart.addToCartTest(SwagAddToCart.java:43)
	at com.crm.qa.testcase.SwagAddToCart.addToCartTest(SwagAddToCart.java:43)
	at com.crm.qa.testcase.SwagAddToCart.addToCartTest(SwagAddToCart.java:43)
	at com.crm.qa.testcase.SwagAddToCart.addToCartTest(SwagAddToCart.java:43)
	at com.crm.qa.testcase.SwagAddToCart.addToCartTest(SwagAddToCart.java:43)
	at com.crm.qa.testcase.SwagAddToCart.addToCartTest(SwagAddToCart.java:43)
	at com.crm.qa.testcase.SwagAddToCart.addToCartTest(SwagAddToCart.java:43)
	at com.crm.qa.testcase.SwagAddToCart.addToCartTest(SwagAddToCart.java:43)
	at com.crm.qa.testcase.SwagAddToCart.addToCartTest(SwagAddToCart.java:43)
	at com.crm.qa.testcase.SwagAddToCart.addToCartTest(SwagAddToCart.java:43)
	at com.crm.qa.testcase.SwagAddToCart.addToCartTest(SwagAddToCart.java:43)
	at com.crm.qa.testcase.SwagAddToCart.addToCartTest(SwagAddToCart.java:43)
	at com.crm.qa.testcase.SwagAddToCart.addToCartTest(SwagAddToCart.java:43)
	at com.crm.qa.testcase.SwagAddToCart.addToCartTest(SwagAddToCart.java:43)
	at com.crm.qa.testcase.SwagAddToCart.addToCartTest(SwagAddToCart.java:43)
	at com.crm.qa.testcase.SwagAddToCart.addToCartTest(SwagAddToCart.java:43)
	at com.crm.qa.testcase.SwagAddToCart.addToCartTest(SwagAddToCart.java:43)
	at com.crm.qa.testcase.SwagAddToCart.addToCartTest(SwagAddToCart.java:43)
	at com.crm.qa.testcase.SwagAddToCart.addToCartTest(SwagAddToCart.java:43)
	at com.crm.qa.testcase.SwagAddToCart.addToCartTest(SwagAddToCart.java:43)
	at com.crm.qa.testcase.SwagAddToCart.addToCartTest(SwagAddToCart.java:43)
	at com.crm.qa.testcase.SwagAddToCart.addToCartTest(SwagAddToCart.java:43)
	at com.crm.qa.testcase.SwagAddToCart.addToCartTest(SwagAddToCart.java:43)
	at com.crm.qa.testcase.SwagAddToCart.addToCartTest(SwagAddToCart.java:43)
	at com.crm.qa.testcase.SwagAddToCart.addToCartTest(SwagAddToCart.java:43)
	at com.crm.qa.testcase.SwagAddToCart.addToCartTest(SwagAddToCart.java:43)
	at com.crm.qa.testcase.SwagAddToCart.addToCartTest(SwagAddToCart.java:43)
	at com.crm.qa.testcase.SwagAddToCart.addToCartTest(SwagAddToCart.java:43)
	at com.crm.qa.testcase.SwagAddToCart.addToCartTest(SwagAddToCart.java:43)
	at com.crm.qa.testcase.SwagAddToCart.addToCartTest(SwagAddToCart.java:43)
	at com.crm.qa.testcase.SwagAddToCart.addToCartTest(SwagAddToCart.java:43)
	at com.crm.qa.testcase.SwagAddToCart.addToCartTest(SwagAddToCart.java:43)
	at com.crm.qa.testcase.SwagAddToCart.addToCartTest(SwagAddToCart.java:43)
	at com.crm.qa.testcase.SwagAddToCart.addToCartTest(SwagAddToCart.java:43)
	at com.crm.qa.testcase.SwagAddToCart.addToCartTest(SwagAddToCart.java:43)
	at com.crm.qa.testcase.SwagAddToCart.addToCartTest(SwagAddToCart.java:43)
	at com.crm.qa.testcase.SwagAddToCart.addToCartTest(SwagAddToCart.java:43)
	at com.crm.qa.testcase.SwagAddToCart.addToCartTest(SwagAddToCart.java:43)
	at com.crm.qa.testcase.SwagAddToCart.addToCartTest(SwagAddToCart.java:43)
	at com.crm.qa.testcase.SwagAddToCart.addToCartTest(SwagAddToCart.java:43)
	at com.crm.qa.testcase.SwagAddToCart.addToCartTest(SwagAddToCart.java:43)
	at com.crm.qa.testcase.SwagAddToCart.addToCartTest(SwagAddToCart.java:43)
	at com.crm.qa.testcase.SwagAddToCart.addToCartTest(SwagAddToCart.java:43)
	at com.crm.qa.testcase.SwagAddToCart.addToCartTest(SwagAddToCart.java:43)
	at com.crm.qa.testcase.SwagAddToCart.addToCartTest(SwagAddToCart.java:43)
	at com.crm.qa.testcase.SwagAddToCart.addToCartTest(SwagAddToCart.java:43)
	at com.crm.qa.testcase.SwagAddToCart.addToCartTest(SwagAddToCart.java:43)
	at com.crm.qa.testcase.SwagAddToCart.addToCartTest(SwagAddToCart.java:43)
	at com.crm.qa.testcase.SwagAddToCart.addToCartTest(SwagAddToCart.java:43)
	at com.crm.qa.testcase.SwagAddToCart.addToCartTest(SwagAddToCart.java:43)
	at com.crm.qa.testcase.SwagAddToCart.addToCartTest(SwagAddToCart.java:43)
	at com.crm.qa.testcase.SwagAddToCart.addToCartTest(SwagAddToCart.java:43)
	at com.crm.qa.testcase.SwagAddToCart.addToCartTest(SwagAddToCart.java:43)
	at com.crm.qa.testcase.SwagAddToCart.addToCartTest(SwagAddToCart.java:43)
	at com.crm.qa.testcase.SwagAddToCart.addToCartTest(SwagAddToCart.java:43)
	at com.crm.qa.testcase.SwagAddToCart.addToCartTest(SwagAddToCart.java:43)
	at com.crm.qa.testcase.SwagAddToCart.addToCartTest(SwagAddToCart.java:43)
	at com.crm.qa.testcase.SwagAddToCart.addToCartTest(SwagAddToCart.java:43)
	at com.crm.qa.testcase.SwagAddToCart.addToCartTest(SwagAddToCart.java:43)
	at com.crm.qa.testcase.SwagAddToCart.addToCartTest(SwagAddToCart.java:43)
	at com.crm.qa.testcase.SwagAddToCart.addToCartTest(SwagAddToCart.java:43)
	at com.crm.qa.testcase.SwagAddToCart.addToCartTest(SwagAddToCart.java:43)
	at com.crm.qa.testcase.SwagAddToCart.addToCartTest(SwagAddToCart.java:43)
	at com.crm.qa.testcase.SwagAddToCart.addToCartTest(SwagAddToCart.java:43)
	at com.crm.qa.testcase.SwagAddToCart.addToCartTest(SwagAddToCart.java:43)
	at com.crm.qa.testcase.SwagAddToCart.addToCartTest(SwagAddToCart.java:43)
	at com.crm.qa.testcase.SwagAddToCart.addToCartTest(SwagAddToCart.java:43)
	at com.crm.qa.testcase.SwagAddToCart.addToCartTest(SwagAddToCart.java:43)
	at com.crm.qa.testcase.SwagAddToCart.addToCartTest(SwagAddToCart.java:43)
	at com.crm.qa.testcase.SwagAddToCart.addToCartTest(SwagAddToCart.java:43)
	at com.crm.qa.testcase.SwagAddToCart.addToCartTest(SwagAddToCart.java:43)
	at com.crm.qa.testcase.SwagAddToCart.addToCartTest(SwagAddToCart.java:43)
	at com.crm.qa.testcase.SwagAddToCart.addToCartTest(SwagAddToCart.java:43)
	at com.crm.qa.testcase.SwagAddToCart.addToCartTest(SwagAddToCart.java:43)
	at com.crm.qa.testcase.SwagAddToCart.addToCartTest(SwagAddToCart.java:43)
	at com.crm.qa.testcase.SwagAddToCart.addToCartTest(SwagAddToCart.java:43)
	at com.crm.qa.testcase.SwagAddToCart.addToCartTest(SwagAddToCart.java:43)
	at com.crm.qa.testcase.SwagAddToCart.addToCartTest(SwagAddToCart.java:43)
	at com.crm.qa.testcase.SwagAddToCart.addToCartTest(SwagAddToCart.java:43)
	at com.crm.qa.testcase.SwagAddToCart.addToCartTest(SwagAddToCart.java:43)
	at com.crm.qa.testcase.SwagAddToCart.addToCartTest(SwagAddToCart.java:43)
	at com.crm.qa.testcase.SwagAddToCart.addToCartTest(SwagAddToCart.java:43)
	at com.crm.qa.testcase.SwagAddToCart.addToCartTest(SwagAddToCart.java:43)
	at com.crm.qa.testcase.SwagAddToCart.addToCartTest(SwagAddToCart.java:43)
	at com.crm.qa.testcase.SwagAddToCart.addToCartTest(SwagAddToCart.java:43)
	at com.crm.qa.testcase.SwagAddToCart.addToCartTest(SwagAddToCart.java:43)
	at com.crm.qa.testcase.SwagAddToCart.addToCartTest(SwagAddToCart.java:43)
	at com.crm.qa.testcase.SwagAddToCart.addToCartTest(SwagAddToCart.java:43)
	at com.crm.qa.testcase.SwagAddToCart.addToCartTest(SwagAddToCart.java:43)
	at com.crm.qa.testcase.SwagAddToCart.addToCartTest(SwagAddToCart.java:43)
	at com.crm.qa.testcase.SwagAddToCart.addToCartTest(SwagAddToCart.java:43)
	at com.crm.qa.testcase.SwagAddToCart.addToCartTest(SwagAddToCart.java:43)
	at com.crm.qa.testcase.SwagAddToCart.addToCartTest(SwagAddToCart.java:43)
	at com.crm.qa.testcase.SwagAddToCart.addToCartTest(SwagAddToCart.java:43)
	at com.crm.qa.testcase.SwagAddToCart.addToCartTest(SwagAddToCart.java:43)
	at com.crm.qa.testcase.SwagAddToCart.addToCartTest(SwagAddToCart.java:43)
	at com.crm.qa.testcase.SwagAddToCart.addToCartTest(SwagAddToCart.java:43)
	at com.crm.qa.testcase.SwagAddToCart.addToCartTest(SwagAddToCart.java:43)
	at com.crm.qa.testcase.SwagAddToCart.addToCartTest(SwagAddToCart.java:43)
	at com.crm.qa.testcase.SwagAddToCart.addToCartTest(SwagAddToCart.java:43)
	at com.crm.qa.testcase.SwagAddToCart.addToCartTest(SwagAddToCart.java:43)
	at com.crm.qa.testcase.SwagAddToCart.addToCartTest(SwagAddToCart.java:43)
	at com.crm.qa.testcase.SwagAddToCart.addToCartTest(SwagAddToCart.java:43)
	at com.crm.qa.testcase.SwagAddToCart.addToCartTest(SwagAddToCart.java:43)
	at com.crm.qa.testcase.SwagAddToCart.addToCartTest(SwagAddToCart.java:43)
	at com.crm.qa.testcase.SwagAddToCart.addToCartTest(SwagAddToCart.java:43)
	at com.crm.qa.testcase.SwagAddToCart.addToCartTest(SwagAddToCart.java:43)
	at com.crm.qa.testcase.SwagAddToCart.addToCartTest(SwagAddToCart.java:43)
	at com.crm.qa.testcase.SwagAddToCart.addToCartTest(SwagAddToCart.java:43)
	at com.crm.qa.testcase.SwagAddToCart.addToCartTest(SwagAddToCart.java:43)
	at com.crm.qa.testcase.SwagAddToCart.addToCartTest(SwagAddToCart.java:43)
	at com.crm.qa.testcase.SwagAddToCart.addToCartTest(SwagAddToCart.java:43)
	at com.crm.qa.testcase.SwagAddToCart.addToCartTest(SwagAddToCart.java:43)
	at com.crm.qa.testcase.SwagAddToCart.addToCartTest(SwagAddToCart.java:43)
	at com.crm.qa.testcase.SwagAddToCart.addToCartTest(SwagAddToCart.java:43)
	at com.crm.qa.testcase.SwagAddToCart.addToCartTest(SwagAddToCart.java:43)
	at com.crm.qa.testcase.SwagAddToCart.addToCartTest(SwagAddToCart.java:43)
	at com.crm.qa.testcase.SwagAddToCart.addToCartTest(SwagAddToCart.java:43)
	at com.crm.qa.testcase.SwagAddToCart.addToCartTest(SwagAddToCart.java:43)
	at com.crm.qa.testcase.SwagAddToCart.addToCartTest(SwagAddToCart.java:43)
	at com.crm.qa.testcase.SwagAddToCart.addToCartTest(SwagAddToCart.java:43)
	at com.crm.qa.testcase.SwagAddToCart.addToCartTest(SwagAddToCart.java:43)
	at com.crm.qa.testcase.SwagAddToCart.addToCartTest(SwagAddToCart.java:43)
	at com.crm.qa.testcase.SwagAddToCart.addToCartTest(SwagAddToCart.java:43)
	at com.crm.qa.testcase.SwagAddToCart.addToCartTest(SwagAddToCart.java:43)
	at com.crm.qa.testcase.SwagAddToCart.addToCartTest(SwagAddToCart.java:43)
	at com.crm.qa.testcase.SwagAddToCart.addToCartTest(SwagAddToCart.java:43)
	at com.crm.qa.testcase.SwagAddToCart.addToCartTest(SwagAddToCart.java:43)
	at com.crm.qa.testcase.SwagAddToCart.addToCartTest(SwagAddToCart.java:43)
	at com.crm.qa.testcase.SwagAddToCart.addToCartTest(SwagAddToCart.java:43)
	at com.crm.qa.testcase.SwagAddToCart.addToCartTest(SwagAddToCart.java:43)
	at com.crm.qa.testcase.SwagAddToCart.addToCartTest(SwagAddToCart.java:43)
	at com.crm.qa.testcase.SwagAddToCart.addToCartTest(SwagAddToCart.java:43)
	at com.crm.qa.testcase.SwagAddToCart.addToCartTest(SwagAddToCart.java:43)
	at com.crm.qa.testcase.SwagAddToCart.addToCartTest(SwagAddToCart.java:43)
	at com.crm.qa.testcase.SwagAddToCart.addToCartTest(SwagAddToCart.java:43)
	at com.crm.qa.testcase.SwagAddToCart.addToCartTest(SwagAddToCart.java:43)
	at com.crm.qa.testcase.SwagAddToCart.addToCartTest(SwagAddToCart.java:43)
	at com.crm.qa.testcase.SwagAddToCart.addToCartTest(SwagAddToCart.java:43)
	at com.crm.qa.testcase.SwagAddToCart.addToCartTest(SwagAddToCart.java:43)
	at com.crm.qa.testcase.SwagAddToCart.addToCartTest(SwagAddToCart.java:43)
	at com.crm.qa.testcase.SwagAddToCart.addToCartTest(SwagAddToCart.java:43)
	at com.crm.qa.testcase.SwagAddToCart.addToCartTest(SwagAddToCart.java:43)
	at com.crm.qa.testcase.SwagAddToCart.addToCartTest(SwagAddToCart.java:43)
	at com.crm.qa.testcase.SwagAddToCart.addToCartTest(SwagAddToCart.java:43)
	at com.crm.qa.testcase.SwagAddToCart.addToCartTest(SwagAddToCart.java:43)
	at com.crm.qa.testcase.SwagAddToCart.addToCartTest(SwagAddToCart.java:43)
	at com.crm.qa.testcase.SwagAddToCart.addToCartTest(SwagAddToCart.java:43)
	at com.crm.qa.testcase.SwagAddToCart.addToCartTest(SwagAddToCart.java:43)
	at com.crm.qa.testcase.SwagAddToCart.addToCartTest(SwagAddToCart.java:43)
	at com.crm.qa.testcase.SwagAddToCart.addToCartTest(SwagAddToCart.java:43)
	at com.crm.qa.testcase.SwagAddToCart.addToCartTest(SwagAddToCart.java:43)
	at com.crm.qa.testcase.SwagAddToCart.addToCartTest(SwagAddToCart.java:43)
	at com.crm.qa.testcase.SwagAddToCart.addToCartTest(SwagAddToCart.java:43)
	at com.crm.qa.testcase.SwagAddToCart.addToCartTest(SwagAddToCart.java:43)
	at com.crm.qa.testcase.SwagAddToCart.addToCartTest(SwagAddToCart.java:43)
	at com.crm.qa.testcase.SwagAddToCart.addToCartTest(SwagAddToCart.java:43)
	at com.crm.qa.testcase.SwagAddToCart.addToCartTest(SwagAddToCart.java:43)
	at com.crm.qa.testcase.SwagAddToCart.addToCartTest(SwagAddToCart.java:43)
	at com.crm.qa.testcase.SwagAddToCart.addToCartTest(SwagAddToCart.java:43)
	at com.crm.qa.testcase.SwagAddToCart.addToCartTest(SwagAddToCart.java:43)
	at com.crm.qa.testcase.SwagAddToCart.addToCartTest(SwagAddToCart.java:43)
	at com.crm.qa.testcase.SwagAddToCart.addToCartTest(SwagAddToCart.java:43)
	at com.crm.qa.testcase.SwagAddToCart.addToCartTest(SwagAddToCart.java:43)
	at com.crm.qa.testcase.SwagAddToCart.addToCartTest(SwagAddToCart.java:43)
	at com.crm.qa.testcase.SwagAddToCart.addToCartTest(SwagAddToCart.java:43)
	at com.crm.qa.testcase.SwagAddToCart.addToCartTest(SwagAddToCart.java:43)
	at com.crm.qa.testcase.SwagAddToCart.addToCartTest(SwagAddToCart.java:43)
	at com.crm.qa.testcase.SwagAddToCart.addToCartTest(SwagAddToCart.java:43)
	at com.crm.qa.testcase.SwagAddToCart.addToCartTest(SwagAddToCart.java:43)
	at com.crm.qa.testcase.SwagAddToCart.addToCartTest(SwagAddToCart.java:43)
	at com.crm.qa.testcase.SwagAddToCart.addToCartTest(SwagAddToCart.java:43)
	at com.crm.qa.testcase.SwagAddToCart.addToCartTest(SwagAddToCart.java:43)
]]>
    </error>
  </testcase> <!-- addToCartTest -->
</testsuite> <!-- com.crm.qa.testcase.SwagAddToCart -->
