<?xml version="1.0" encoding="UTF-8"?>
<!-- Generated by org.testng.reporters.JUnitReportReporter -->
<testsuite hostname="DESKTOP-TVD4B1F" failures="0" tests="1" name="com.crm.qa.testcasee.CustomerLoginWithdrawlTest" time="5.717" errors="0" timestamp="07 Mar 2024 10:44:21 GMT" skipped="0">
  <testcase classname="com.crm.qa.testcasee.CustomerLoginWithdrawlTest" name="WithdrawAmount" time="5.717"/>
</testsuite> <!-- com.crm.qa.testcasee.CustomerLoginWithdrawlTest -->
