<?xml version="1.0" encoding="UTF-8"?>
<!-- Generated by org.testng.reporters.JUnitReportReporter -->
<testsuite hostname="DESKTOP-TVD4B1F" failures="0" tests="1" name="com.crm.qa.testcasee.BankManager1Login" time="7.452" errors="0" timestamp="06 Mar 2024 10:40:37 GMT" skipped="0">
  <testcase classname="com.crm.qa.testcasee.BankManager1Login" name="validateManagerLogin" time="7.452"/>
</testsuite> <!-- com.crm.qa.testcasee.BankManager1Login -->
