<?xml version="1.0" encoding="UTF-8"?>
<!-- Generated by org.testng.reporters.JUnitReportReporter -->
<testsuite hostname="DESKTOP-TVD4B1F" failures="0" tests="1" name="com.crm.qa.testcasee.CustomerLoginTestCase" time="7.152" errors="0" timestamp="07 Mar 2024 05:51:34 GMT" skipped="0">
  <testcase classname="com.crm.qa.testcasee.CustomerLoginTestCase" name="validateCustomerLogin" time="7.152"/>
</testsuite> <!-- com.crm.qa.testcasee.CustomerLoginTestCase -->
