<?xml version="1.0" encoding="UTF-8"?>
<!-- Generated by org.testng.reporters.JUnitReportReporter -->
<testsuite hostname="DESKTOP-TVD4B1F" failures="0" tests="1" name="com.crm.qa.testcasee.BankManger2AddCustomer" time="9.085" errors="0" timestamp="07 Mar 2024 10:44:21 GMT" skipped="0">
  <testcase classname="com.crm.qa.testcasee.BankManger2AddCustomer" name="validateAddCustomer" time="9.085"/>
</testsuite> <!-- com.crm.qa.testcasee.BankManger2AddCustomer -->
