<?xml version="1.0" encoding="UTF-8"?>
<!-- Generated by org.testng.reporters.JUnitReportReporter -->
<testsuite hostname="DESKTOP-TVD4B1F" failures="0" tests="3" name="com.crm.qa.testcase.logintestcase" time="41.526" errors="0" timestamp="01 Mar 2024 13:13:05 GMT" skipped="0">
  <testcase classname="com.crm.qa.testcase.logintestcase" name="loginPageTitleTest" time="9.857"/>
  <testcase classname="com.crm.qa.testcase.logintestcase" name="crmLogoImageTest" time="10.418"/>
  <testcase classname="com.crm.qa.testcase.logintestcase" name="loginTest" time="21.251"/>
</testsuite> <!-- com.crm.qa.testcase.logintestcase -->
