<?xml version="1.0" encoding="UTF-8"?>
<!-- Generated by org.testng.reporters.JUnitReportReporter -->
<testsuite hostname="DESKTOP-TVD4B1F" failures="0" tests="2" name="com.crm.qa.testcase.SwagAddTocartTestcase" time="0.677" errors="0" timestamp="02 Mar 2024 07:01:59 GMT" skipped="0">
  <testcase classname="com.crm.qa.testcase.SwagAddTocartTestcase" name="loginTest" time="0.387"/>
  <testcase classname="com.crm.qa.testcase.SwagAddTocartTestcase" name="addToCartTest" time="0.290"/>
</testsuite> <!-- com.crm.qa.testcase.SwagAddTocartTestcase -->
