<?xml version="1.0" encoding="UTF-8"?>
<!-- Generated by org.testng.reporters.JUnitReportReporter -->
<testsuite hostname="DESKTOP-TVD4B1F" failures="0" tests="1" name="com.crm.qa.testcase.SwagLoginTestcase" time="0.358" errors="0" timestamp="02 Mar 2024 05:46:00 GMT" skipped="0">
  <testcase classname="com.crm.qa.testcase.SwagLoginTestcase" name="loginTest" time="0.358"/>
</testsuite> <!-- com.crm.qa.testcase.SwagLoginTestcase -->
