<?xml version="1.0" encoding="UTF-8"?>
<!-- Generated by org.testng.reporters.JUnitReportReporter -->
<testsuite hostname="DESKTOP-TVD4B1F" failures="0" tests="1" name="com.crm.qa.testcasee.BankingManagerDeleteTest" time="7.012" errors="0" timestamp="07 Mar 2024 08:29:58 GMT" skipped="0">
  <testcase classname="com.crm.qa.testcasee.BankingManagerDeleteTest" name="deleteCustomer" time="7.012"/>
</testsuite> <!-- com.crm.qa.testcasee.BankingManagerDeleteTest -->
