<?xml version="1.0" encoding="UTF-8"?>
<!-- Generated by org.testng.reporters.JUnitReportReporter -->
<testsuite hostname="DESKTOP-TVD4B1F" failures="0" tests="1" name="com.crm.qa.testcase.loginHRMTestcase" time="31.369" errors="0" timestamp="01 Mar 2024 15:03:49 GMT" skipped="0">
  <testcase classname="com.crm.qa.testcase.loginHRMTestcase" name="loginTest" time="31.369"/>
</testsuite> <!-- com.crm.qa.testcase.loginHRMTestcase -->
